#
# There is insufficient memory for the Java Runtime Environment to continue.
# Native memory allocation (malloc) failed to allocate 1194024 bytes. Error detail: Chunk::new
# Possible reasons:
#   The system is out of physical RAM or swap space
#   This process is running with CompressedOops enabled, and the Java Heap may be blocking the growth of the native heap
# Possible solutions:
#   Reduce memory load on the system
#   Increase physical memory or swap space
#   Check if swap backing store is full
#   Decrease Java heap size (-Xmx/-Xms)
#   Decrease number of Java threads
#   Decrease Java thread stack sizes (-Xss)
#   Set larger code cache with -XX:ReservedCodeCacheSize=
#   JVM is running with Unscaled Compressed Oops mode in which the Java heap is
#     placed in the first 4GB address space. The Java Heap base address is the
#     maximum limit for the native heap growth. Please use -XX:HeapBaseMinAddress
#     to set the Java Heap base and to place the Java Heap above 4GB virtual address.
# This output file may be truncated or incomplete.
#
#  Out of Memory Error (arena.cpp:186), pid=21532, tid=29132
#
# JRE version: OpenJDK Runtime Environment JBR-25.0.2+1-329.117-jcef (25.0.2+1) (build 25.0.2+1-b329.117)
# Java VM: OpenJDK 64-Bit Server VM JBR-25.0.2+1-329.117-jcef (25.0.2+1-b329.117, mixed mode, sharing, tiered, compressed oops, compressed class ptrs, g1 gc, windows-amd64)
# No core dump will be written. Minidumps are not enabled by default on client versions of Windows
#

---------------  S U M M A R Y ------------

Command Line: git4idea.http.GitAskPassApp Username for 'https://github.com': 

Host: Intel(R) Core(TM) i7-9750H CPU @ 2.60GHz, 12 cores, 7G,  Windows 11 , 64 bit Build 26100 (10.0.26100.8737)
Time: Sun Jul  5 19:38:20 2026 SE Asia Standard Time elapsed time: 1.581228 seconds (0d 0h 0m 1s)

---------------  T H R E A D  ---------------

Current thread (0x000002707ce3f950):  JavaThread "C2 CompilerThread0" daemon [_thread_in_native, id=29132, stack(0x000000eb47a00000,0x000000eb47b00000) (1024K)]


Current CompileTask:
C2:1581 1002       4       sun.security.ec.ECOperations::setDouble (463 bytes)

Stack: [0x000000eb47a00000,0x000000eb47b00000]
Native frames: (J=compiled Java code, j=interpreted, Vv=VM code, C=native code)
V  [jvm.dll+0x7c0cc9]  (no source info available)
V  [jvm.dll+0x78a49d]  (no source info available)
V  [jvm.dll+0xa0e693]  (no source info available)
V  [jvm.dll+0xa10e8c]  (no source info available)
V  [jvm.dll+0xa11583]  (no source info available)
V  [jvm.dll+0x307b46]  (no source info available)
V  [jvm.dll+0x114676]  (no source info available)
V  [jvm.dll+0x1149a6]  (no source info available)
V  [jvm.dll+0x38d331]  (no source info available)
V  [jvm.dll+0x6d00d9]  (no source info available)
V  [jvm.dll+0x2d2aea]  (no source info available)
V  [jvm.dll+0x2d2eef]  (no source info available)
V  [jvm.dll+0x2cb6d9]  (no source info available)
V  [jvm.dll+0x2c8ad4]  (no source info available)
V  [jvm.dll+0x240560]  (no source info available)
V  [jvm.dll+0x2d8c64]  (no source info available)
V  [jvm.dll+0x2d6e8b]  (no source info available)
V  [jvm.dll+0x49dbc5]  (no source info available)
V  [jvm.dll+0x9ae57d]  (no source info available)
V  [jvm.dll+0x7bf1e5]  (no source info available)
C  [ucrtbase.dll+0x2cd30]  (no source info available)
C  [KERNEL32.DLL+0x2e957]  (no source info available)
C  [ntdll.dll+0xaad6c]  (no source info available)

Lock stack of current Java thread (top to bottom):


---------------  P R O C E S S  ---------------

Threads class SMR info:
_java_thread_list=0x000002707e137500, length=15, elements={
0x0000027070e017a0, 0x000002707ce14140, 0x000002707ce15a20, 0x000002707ce161e0,
0x000002707ce17420, 0x000002707ce22370, 0x000002707ce22c60, 0x000002707ce23420,
0x000002707ce3f950, 0x000002707ce42780, 0x000002707ce9e2a0, 0x000002707d4aba80,
0x000002707de0d370, 0x000002707de28fb0, 0x000002707e138700
}

Java Threads: ( => current thread )
  0x0000027070e017a0 JavaThread "main"                              [_thread_blocked, id=28056, stack(0x000000eb46b00000,0x000000eb46c00000) (1024K)]
  0x000002707ce14140 JavaThread "Common-Cleaner"             daemon [_thread_blocked, id=16572, stack(0x000000eb47300000,0x000000eb47400000) (1024K)]
  0x000002707ce15a20 JavaThread "Reference Handler"          daemon [_thread_blocked, id=13068, stack(0x000000eb47400000,0x000000eb47500000) (1024K)]
  0x000002707ce161e0 JavaThread "Finalizer"                  daemon [_thread_blocked, id=19660, stack(0x000000eb47500000,0x000000eb47600000) (1024K)]
  0x000002707ce17420 JavaThread "Signal Dispatcher"          daemon [_thread_blocked, id=7228, stack(0x000000eb47600000,0x000000eb47700000) (1024K)]
  0x000002707ce22370 JavaThread "Attach Listener"            daemon [_thread_blocked, id=23224, stack(0x000000eb47700000,0x000000eb47800000) (1024K)]
  0x000002707ce22c60 JavaThread "Service Thread"             daemon [_thread_blocked, id=24276, stack(0x000000eb47800000,0x000000eb47900000) (1024K)]
  0x000002707ce23420 JavaThread "Monitor Deflation Thread"   daemon [_thread_blocked, id=22624, stack(0x000000eb47900000,0x000000eb47a00000) (1024K)]
=>0x000002707ce3f950 JavaThread "C2 CompilerThread0"         daemon [_thread_in_native, id=29132, stack(0x000000eb47a00000,0x000000eb47b00000) (1024K)]
  0x000002707ce42780 JavaThread "C1 CompilerThread0"         daemon [_thread_blocked, id=27308, stack(0x000000eb47b00000,0x000000eb47c00000) (1024K)]
  0x000002707ce9e2a0 JavaThread "Notification Thread"        daemon [_thread_blocked, id=17216, stack(0x000000eb47c00000,0x000000eb47d00000) (1024K)]
  0x000002707d4aba80 JavaThread "HttpClient-1-SelectorManager" daemon [_thread_in_native, id=10160, stack(0x000000eb47d00000,0x000000eb47e00000) (1024K)]
  0x000002707de0d370 JavaThread "HttpClient-1-Worker-0"      daemon [_thread_blocked, id=26440, stack(0x000000eb47f00000,0x000000eb48000000) (1024K)]
  0x000002707de28fb0 JavaThread "HttpClient-1-Worker-1"      daemon [_thread_blocked, id=28652, stack(0x000000eb48000000,0x000000eb48100000) (1024K)]
  0x000002707e138700 JavaThread "C2 CompilerThread1"         daemon [_thread_blocked, id=24192, stack(0x000000eb48100000,0x000000eb48200000) (1024K)]
Total: 15

Other Threads:
  0x000002707ce04010 VMThread "VM Thread"                           [id=21760, stack(0x000000eb47200000,0x000000eb47300000) (1024K)]
  0x000002707cdf5860 WatcherThread "VM Periodic Task Thread"        [id=13680, stack(0x000000eb47100000,0x000000eb47200000) (1024K)]
  0x00000270732c6da0 WorkerThread "GC Thread#0"                     [id=4280, stack(0x000000eb46c00000,0x000000eb46d00000) (1024K)]
  0x00000270732e0c60 ConcurrentGCThread "G1 Main Marker"            [id=26128, stack(0x000000eb46d00000,0x000000eb46e00000) (1024K)]
  0x00000270732e2650 WorkerThread "G1 Conc#0"                       [id=26780, stack(0x000000eb46e00000,0x000000eb46f00000) (1024K)]
  0x000002707332e400 ConcurrentGCThread "G1 Refine#0"               [id=22432, stack(0x000000eb46f00000,0x000000eb47000000) (1024K)]
  0x000002707332e8c0 ConcurrentGCThread "G1 Service"                [id=24876, stack(0x000000eb47000000,0x000000eb47100000) (1024K)]
Total: 7

Threads with active compile tasks:
C2 CompilerThread0  2674 1002       4       sun.security.ec.ECOperations::setDouble (463 bytes)
Total: 1

VM state: not at safepoint (normal execution)

VM Mutex/Monitor currently owned by a thread: None

Heap address: 0x0000000082400000, size: 2012 MB, Compressed Oops mode: 32-bit

CDS archive(s) mapped at: [0x000000003d000000-0x000000003ecd0000-0x000000003ecd0000), size 30212096, SharedBaseAddress: 0x000000003d000000, ArchiveRelocationMode: 1.
Compressed class space mapped at: 0x000000003f000000-0x000000007f000000, reserved size: 1073741824
UseCompressedClassPointers 1, UseCompactObjectHeaders 0
Narrow klass pointer bits 32, Max shift 3
Narrow klass base: 0x000000003d000000, Narrow klass shift: 0
Encoding Range: [0x000000003d000000 - 0x000000013d000000), (4294967296 bytes)
Klass Range:    [0x000000003d010000 - 0x000000007f000000), (1107230720 bytes)
Klass ID Range:  [65536 - 1107296249) (1107230713)
Protection zone: [0x000000003d000000 - 0x000000003d010000), (65536 bytes)

GC Precious Log:
 CardTable entry size: 512
 Card Set container configuration: InlinePtr #cards 5 size 8 Array Of Cards #cards 10 size 36 Howl #buckets 4 coarsen threshold 1843 Howl Bitmap #cards 512 size 80 coarsen threshold 460 Card regions per heap region 1 cards per card region 2048
 CPUs: 12 total, 12 available
 Memory: 8043M
 Large Page Support: Disabled
 NUMA Support: Disabled
 Compressed Oops: Enabled (32-bit)
 Heap Region Size: 1M
 Heap Min Capacity: 8M
 Heap Initial Capacity: 126M
 Heap Max Capacity: 2012M
 Pre-touch: Disabled
 Parallel Workers: 10
 Concurrent Workers: 3
 Concurrent Refinement Workers: 10
 Periodic GC: Disabled

Heap:
 garbage-first heap   total reserved 2060288K, committed 132096K, used 16644K [0x0000000082400000, 0x0000000100000000)
  region size 1024K, 15 young (15360K), 0 survivors (0K)

Heap Regions: E=young(eden), S=young(survivor), O=old, HS=humongous(starts), HC=humongous(continues), CS=collection set, F=free, TAMS=top-at-mark-start, PB=parsable bottom
|   0|0x0000000082400000, 0x0000000082400000, 0x0000000082500000|  0%| F|  |TAMS 0x0000000082400000| PB 0x0000000082400000| Untracked |  0
|   1|0x0000000082500000, 0x0000000082500000, 0x0000000082600000|  0%| F|  |TAMS 0x0000000082500000| PB 0x0000000082500000| Untracked |  0
|   2|0x0000000082600000, 0x0000000082600000, 0x0000000082700000|  0%| F|  |TAMS 0x0000000082600000| PB 0x0000000082600000| Untracked |  0
|   3|0x0000000082700000, 0x0000000082700000, 0x0000000082800000|  0%| F|  |TAMS 0x0000000082700000| PB 0x0000000082700000| Untracked |  0
|   4|0x0000000082800000, 0x0000000082800000, 0x0000000082900000|  0%| F|  |TAMS 0x0000000082800000| PB 0x0000000082800000| Untracked |  0
|   5|0x0000000082900000, 0x0000000082900000, 0x0000000082a00000|  0%| F|  |TAMS 0x0000000082900000| PB 0x0000000082900000| Untracked |  0
|   6|0x0000000082a00000, 0x0000000082a00000, 0x0000000082b00000|  0%| F|  |TAMS 0x0000000082a00000| PB 0x0000000082a00000| Untracked |  0
|   7|0x0000000082b00000, 0x0000000082b00000, 0x0000000082c00000|  0%| F|  |TAMS 0x0000000082b00000| PB 0x0000000082b00000| Untracked |  0
|   8|0x0000000082c00000, 0x0000000082c00000, 0x0000000082d00000|  0%| F|  |TAMS 0x0000000082c00000| PB 0x0000000082c00000| Untracked |  0
|   9|0x0000000082d00000, 0x0000000082d00000, 0x0000000082e00000|  0%| F|  |TAMS 0x0000000082d00000| PB 0x0000000082d00000| Untracked |  0
|  10|0x0000000082e00000, 0x0000000082e00000, 0x0000000082f00000|  0%| F|  |TAMS 0x0000000082e00000| PB 0x0000000082e00000| Untracked |  0
|  11|0x0000000082f00000, 0x0000000082f00000, 0x0000000083000000|  0%| F|  |TAMS 0x0000000082f00000| PB 0x0000000082f00000| Untracked |  0
|  12|0x0000000083000000, 0x0000000083000000, 0x0000000083100000|  0%| F|  |TAMS 0x0000000083000000| PB 0x0000000083000000| Untracked |  0
|  13|0x0000000083100000, 0x0000000083100000, 0x0000000083200000|  0%| F|  |TAMS 0x0000000083100000| PB 0x0000000083100000| Untracked |  0
|  14|0x0000000083200000, 0x0000000083200000, 0x0000000083300000|  0%| F|  |TAMS 0x0000000083200000| PB 0x0000000083200000| Untracked |  0
|  15|0x0000000083300000, 0x0000000083300000, 0x0000000083400000|  0%| F|  |TAMS 0x0000000083300000| PB 0x0000000083300000| Untracked |  0
|  16|0x0000000083400000, 0x0000000083400000, 0x0000000083500000|  0%| F|  |TAMS 0x0000000083400000| PB 0x0000000083400000| Untracked |  0
|  17|0x0000000083500000, 0x0000000083500000, 0x0000000083600000|  0%| F|  |TAMS 0x0000000083500000| PB 0x0000000083500000| Untracked |  0
|  18|0x0000000083600000, 0x0000000083600000, 0x0000000083700000|  0%| F|  |TAMS 0x0000000083600000| PB 0x0000000083600000| Untracked |  0
|  19|0x0000000083700000, 0x0000000083700000, 0x0000000083800000|  0%| F|  |TAMS 0x0000000083700000| PB 0x0000000083700000| Untracked |  0
|  20|0x0000000083800000, 0x0000000083800000, 0x0000000083900000|  0%| F|  |TAMS 0x0000000083800000| PB 0x0000000083800000| Untracked |  0
|  21|0x0000000083900000, 0x0000000083900000, 0x0000000083a00000|  0%| F|  |TAMS 0x0000000083900000| PB 0x0000000083900000| Untracked |  0
|  22|0x0000000083a00000, 0x0000000083a00000, 0x0000000083b00000|  0%| F|  |TAMS 0x0000000083a00000| PB 0x0000000083a00000| Untracked |  0
|  23|0x0000000083b00000, 0x0000000083b00000, 0x0000000083c00000|  0%| F|  |TAMS 0x0000000083b00000| PB 0x0000000083b00000| Untracked |  0
|  24|0x0000000083c00000, 0x0000000083c00000, 0x0000000083d00000|  0%| F|  |TAMS 0x0000000083c00000| PB 0x0000000083c00000| Untracked |  0
|  25|0x0000000083d00000, 0x0000000083d00000, 0x0000000083e00000|  0%| F|  |TAMS 0x0000000083d00000| PB 0x0000000083d00000| Untracked |  0
|  26|0x0000000083e00000, 0x0000000083e00000, 0x0000000083f00000|  0%| F|  |TAMS 0x0000000083e00000| PB 0x0000000083e00000| Untracked |  0
|  27|0x0000000083f00000, 0x0000000083f00000, 0x0000000084000000|  0%| F|  |TAMS 0x0000000083f00000| PB 0x0000000083f00000| Untracked |  0
|  28|0x0000000084000000, 0x0000000084000000, 0x0000000084100000|  0%| F|  |TAMS 0x0000000084000000| PB 0x0000000084000000| Untracked |  0
|  29|0x0000000084100000, 0x0000000084100000, 0x0000000084200000|  0%| F|  |TAMS 0x0000000084100000| PB 0x0000000084100000| Untracked |  0
|  30|0x0000000084200000, 0x0000000084200000, 0x0000000084300000|  0%| F|  |TAMS 0x0000000084200000| PB 0x0000000084200000| Untracked |  0
|  31|0x0000000084300000, 0x0000000084300000, 0x0000000084400000|  0%| F|  |TAMS 0x0000000084300000| PB 0x0000000084300000| Untracked |  0
|  32|0x0000000084400000, 0x0000000084400000, 0x0000000084500000|  0%| F|  |TAMS 0x0000000084400000| PB 0x0000000084400000| Untracked |  0
|  33|0x0000000084500000, 0x0000000084500000, 0x0000000084600000|  0%| F|  |TAMS 0x0000000084500000| PB 0x0000000084500000| Untracked |  0
|  34|0x0000000084600000, 0x0000000084600000, 0x0000000084700000|  0%| F|  |TAMS 0x0000000084600000| PB 0x0000000084600000| Untracked |  0
|  35|0x0000000084700000, 0x0000000084700000, 0x0000000084800000|  0%| F|  |TAMS 0x0000000084700000| PB 0x0000000084700000| Untracked |  0
|  36|0x0000000084800000, 0x0000000084800000, 0x0000000084900000|  0%| F|  |TAMS 0x0000000084800000| PB 0x0000000084800000| Untracked |  0
|  37|0x0000000084900000, 0x0000000084900000, 0x0000000084a00000|  0%| F|  |TAMS 0x0000000084900000| PB 0x0000000084900000| Untracked |  0
|  38|0x0000000084a00000, 0x0000000084a00000, 0x0000000084b00000|  0%| F|  |TAMS 0x0000000084a00000| PB 0x0000000084a00000| Untracked |  0
|  39|0x0000000084b00000, 0x0000000084b00000, 0x0000000084c00000|  0%| F|  |TAMS 0x0000000084b00000| PB 0x0000000084b00000| Untracked |  0
|  40|0x0000000084c00000, 0x0000000084c00000, 0x0000000084d00000|  0%| F|  |TAMS 0x0000000084c00000| PB 0x0000000084c00000| Untracked |  0
|  41|0x0000000084d00000, 0x0000000084d00000, 0x0000000084e00000|  0%| F|  |TAMS 0x0000000084d00000| PB 0x0000000084d00000| Untracked |  0
|  42|0x0000000084e00000, 0x0000000084e00000, 0x0000000084f00000|  0%| F|  |TAMS 0x0000000084e00000| PB 0x0000000084e00000| Untracked |  0
|  43|0x0000000084f00000, 0x0000000084f00000, 0x0000000085000000|  0%| F|  |TAMS 0x0000000084f00000| PB 0x0000000084f00000| Untracked |  0
|  44|0x0000000085000000, 0x0000000085000000, 0x0000000085100000|  0%| F|  |TAMS 0x0000000085000000| PB 0x0000000085000000| Untracked |  0
|  45|0x0000000085100000, 0x0000000085100000, 0x0000000085200000|  0%| F|  |TAMS 0x0000000085100000| PB 0x0000000085100000| Untracked |  0
|  46|0x0000000085200000, 0x0000000085200000, 0x0000000085300000|  0%| F|  |TAMS 0x0000000085200000| PB 0x0000000085200000| Untracked |  0
|  47|0x0000000085300000, 0x0000000085300000, 0x0000000085400000|  0%| F|  |TAMS 0x0000000085300000| PB 0x0000000085300000| Untracked |  0
|  48|0x0000000085400000, 0x0000000085400000, 0x0000000085500000|  0%| F|  |TAMS 0x0000000085400000| PB 0x0000000085400000| Untracked |  0
|  49|0x0000000085500000, 0x0000000085500000, 0x0000000085600000|  0%| F|  |TAMS 0x0000000085500000| PB 0x0000000085500000| Untracked |  0
|  50|0x0000000085600000, 0x0000000085600000, 0x0000000085700000|  0%| F|  |TAMS 0x0000000085600000| PB 0x0000000085600000| Untracked |  0
|  51|0x0000000085700000, 0x0000000085700000, 0x0000000085800000|  0%| F|  |TAMS 0x0000000085700000| PB 0x0000000085700000| Untracked |  0
|  52|0x0000000085800000, 0x0000000085800000, 0x0000000085900000|  0%| F|  |TAMS 0x0000000085800000| PB 0x0000000085800000| Untracked |  0
|  53|0x0000000085900000, 0x0000000085900000, 0x0000000085a00000|  0%| F|  |TAMS 0x0000000085900000| PB 0x0000000085900000| Untracked |  0
|  54|0x0000000085a00000, 0x0000000085a00000, 0x0000000085b00000|  0%| F|  |TAMS 0x0000000085a00000| PB 0x0000000085a00000| Untracked |  0
|  55|0x0000000085b00000, 0x0000000085b00000, 0x0000000085c00000|  0%| F|  |TAMS 0x0000000085b00000| PB 0x0000000085b00000| Untracked |  0
|  56|0x0000000085c00000, 0x0000000085c00000, 0x0000000085d00000|  0%| F|  |TAMS 0x0000000085c00000| PB 0x0000000085c00000| Untracked |  0
|  57|0x0000000085d00000, 0x0000000085d00000, 0x0000000085e00000|  0%| F|  |TAMS 0x0000000085d00000| PB 0x0000000085d00000| Untracked |  0
|  58|0x0000000085e00000, 0x0000000085e00000, 0x0000000085f00000|  0%| F|  |TAMS 0x0000000085e00000| PB 0x0000000085e00000| Untracked |  0
|  59|0x0000000085f00000, 0x0000000085f00000, 0x0000000086000000|  0%| F|  |TAMS 0x0000000085f00000| PB 0x0000000085f00000| Untracked |  0
|  60|0x0000000086000000, 0x0000000086000000, 0x0000000086100000|  0%| F|  |TAMS 0x0000000086000000| PB 0x0000000086000000| Untracked |  0
|  61|0x0000000086100000, 0x0000000086100000, 0x0000000086200000|  0%| F|  |TAMS 0x0000000086100000| PB 0x0000000086100000| Untracked |  0
|  62|0x0000000086200000, 0x0000000086200000, 0x0000000086300000|  0%| F|  |TAMS 0x0000000086200000| PB 0x0000000086200000| Untracked |  0
|  63|0x0000000086300000, 0x0000000086300000, 0x0000000086400000|  0%| F|  |TAMS 0x0000000086300000| PB 0x0000000086300000| Untracked |  0
|  64|0x0000000086400000, 0x0000000086400000, 0x0000000086500000|  0%| F|  |TAMS 0x0000000086400000| PB 0x0000000086400000| Untracked |  0
|  65|0x0000000086500000, 0x0000000086500000, 0x0000000086600000|  0%| F|  |TAMS 0x0000000086500000| PB 0x0000000086500000| Untracked |  0
|  66|0x0000000086600000, 0x0000000086600000, 0x0000000086700000|  0%| F|  |TAMS 0x0000000086600000| PB 0x0000000086600000| Untracked |  0
|  67|0x0000000086700000, 0x0000000086700000, 0x0000000086800000|  0%| F|  |TAMS 0x0000000086700000| PB 0x0000000086700000| Untracked |  0
|  68|0x0000000086800000, 0x0000000086800000, 0x0000000086900000|  0%| F|  |TAMS 0x0000000086800000| PB 0x0000000086800000| Untracked |  0
|  69|0x0000000086900000, 0x0000000086900000, 0x0000000086a00000|  0%| F|  |TAMS 0x0000000086900000| PB 0x0000000086900000| Untracked |  0
|  70|0x0000000086a00000, 0x0000000086a00000, 0x0000000086b00000|  0%| F|  |TAMS 0x0000000086a00000| PB 0x0000000086a00000| Untracked |  0
|  71|0x0000000086b00000, 0x0000000086b00000, 0x0000000086c00000|  0%| F|  |TAMS 0x0000000086b00000| PB 0x0000000086b00000| Untracked |  0
|  72|0x0000000086c00000, 0x0000000086c00000, 0x0000000086d00000|  0%| F|  |TAMS 0x0000000086c00000| PB 0x0000000086c00000| Untracked |  0
|  73|0x0000000086d00000, 0x0000000086d00000, 0x0000000086e00000|  0%| F|  |TAMS 0x0000000086d00000| PB 0x0000000086d00000| Untracked |  0
|  74|0x0000000086e00000, 0x0000000086e00000, 0x0000000086f00000|  0%| F|  |TAMS 0x0000000086e00000| PB 0x0000000086e00000| Untracked |  0
|  75|0x0000000086f00000, 0x0000000086f00000, 0x0000000087000000|  0%| F|  |TAMS 0x0000000086f00000| PB 0x0000000086f00000| Untracked |  0
|  76|0x0000000087000000, 0x0000000087000000, 0x0000000087100000|  0%| F|  |TAMS 0x0000000087000000| PB 0x0000000087000000| Untracked |  0
|  77|0x0000000087100000, 0x0000000087100000, 0x0000000087200000|  0%| F|  |TAMS 0x0000000087100000| PB 0x0000000087100000| Untracked |  0
|  78|0x0000000087200000, 0x0000000087200000, 0x0000000087300000|  0%| F|  |TAMS 0x0000000087200000| PB 0x0000000087200000| Untracked |  0
|  79|0x0000000087300000, 0x0000000087300000, 0x0000000087400000|  0%| F|  |TAMS 0x0000000087300000| PB 0x0000000087300000| Untracked |  0
|  80|0x0000000087400000, 0x0000000087400000, 0x0000000087500000|  0%| F|  |TAMS 0x0000000087400000| PB 0x0000000087400000| Untracked |  0
|  81|0x0000000087500000, 0x0000000087500000, 0x0000000087600000|  0%| F|  |TAMS 0x0000000087500000| PB 0x0000000087500000| Untracked |  0
|  82|0x0000000087600000, 0x0000000087600000, 0x0000000087700000|  0%| F|  |TAMS 0x0000000087600000| PB 0x0000000087600000| Untracked |  0
|  83|0x0000000087700000, 0x0000000087700000, 0x0000000087800000|  0%| F|  |TAMS 0x0000000087700000| PB 0x0000000087700000| Untracked |  0
|  84|0x0000000087800000, 0x0000000087800000, 0x0000000087900000|  0%| F|  |TAMS 0x0000000087800000| PB 0x0000000087800000| Untracked |  0
|  85|0x0000000087900000, 0x0000000087900000, 0x0000000087a00000|  0%| F|  |TAMS 0x0000000087900000| PB 0x0000000087900000| Untracked |  0
|  86|0x0000000087a00000, 0x0000000087a00000, 0x0000000087b00000|  0%| F|  |TAMS 0x0000000087a00000| PB 0x0000000087a00000| Untracked |  0
|  87|0x0000000087b00000, 0x0000000087b00000, 0x0000000087c00000|  0%| F|  |TAMS 0x0000000087b00000| PB 0x0000000087b00000| Untracked |  0
|  88|0x0000000087c00000, 0x0000000087c00000, 0x0000000087d00000|  0%| F|  |TAMS 0x0000000087c00000| PB 0x0000000087c00000| Untracked |  0
|  89|0x0000000087d00000, 0x0000000087d00000, 0x0000000087e00000|  0%| F|  |TAMS 0x0000000087d00000| PB 0x0000000087d00000| Untracked |  0
|  90|0x0000000087e00000, 0x0000000087e00000, 0x0000000087f00000|  0%| F|  |TAMS 0x0000000087e00000| PB 0x0000000087e00000| Untracked |  0
|  91|0x0000000087f00000, 0x0000000087f00000, 0x0000000088000000|  0%| F|  |TAMS 0x0000000087f00000| PB 0x0000000087f00000| Untracked |  0
|  92|0x0000000088000000, 0x0000000088000000, 0x0000000088100000|  0%| F|  |TAMS 0x0000000088000000| PB 0x0000000088000000| Untracked |  0
|  93|0x0000000088100000, 0x0000000088100000, 0x0000000088200000|  0%| F|  |TAMS 0x0000000088100000| PB 0x0000000088100000| Untracked |  0
|  94|0x0000000088200000, 0x0000000088200000, 0x0000000088300000|  0%| F|  |TAMS 0x0000000088200000| PB 0x0000000088200000| Untracked |  0
|  95|0x0000000088300000, 0x0000000088300000, 0x0000000088400000|  0%| F|  |TAMS 0x0000000088300000| PB 0x0000000088300000| Untracked |  0
|  96|0x0000000088400000, 0x0000000088400000, 0x0000000088500000|  0%| F|  |TAMS 0x0000000088400000| PB 0x0000000088400000| Untracked |  0
|  97|0x0000000088500000, 0x0000000088500000, 0x0000000088600000|  0%| F|  |TAMS 0x0000000088500000| PB 0x0000000088500000| Untracked |  0
|  98|0x0000000088600000, 0x0000000088600000, 0x0000000088700000|  0%| F|  |TAMS 0x0000000088600000| PB 0x0000000088600000| Untracked |  0
|  99|0x0000000088700000, 0x0000000088700000, 0x0000000088800000|  0%| F|  |TAMS 0x0000000088700000| PB 0x0000000088700000| Untracked |  0
| 100|0x0000000088800000, 0x0000000088800000, 0x0000000088900000|  0%| F|  |TAMS 0x0000000088800000| PB 0x0000000088800000| Untracked |  0
| 101|0x0000000088900000, 0x0000000088900000, 0x0000000088a00000|  0%| F|  |TAMS 0x0000000088900000| PB 0x0000000088900000| Untracked |  0
| 102|0x0000000088a00000, 0x0000000088a00000, 0x0000000088b00000|  0%| F|  |TAMS 0x0000000088a00000| PB 0x0000000088a00000| Untracked |  0
| 103|0x0000000088b00000, 0x0000000088b00000, 0x0000000088c00000|  0%| F|  |TAMS 0x0000000088b00000| PB 0x0000000088b00000| Untracked |  0
| 104|0x0000000088c00000, 0x0000000088c00000, 0x0000000088d00000|  0%| F|  |TAMS 0x0000000088c00000| PB 0x0000000088c00000| Untracked |  0
| 105|0x0000000088d00000, 0x0000000088d00000, 0x0000000088e00000|  0%| F|  |TAMS 0x0000000088d00000| PB 0x0000000088d00000| Untracked |  0
| 106|0x0000000088e00000, 0x0000000088e00000, 0x0000000088f00000|  0%| F|  |TAMS 0x0000000088e00000| PB 0x0000000088e00000| Untracked |  0
| 107|0x0000000088f00000, 0x0000000088f00000, 0x0000000089000000|  0%| F|  |TAMS 0x0000000088f00000| PB 0x0000000088f00000| Untracked |  0
| 108|0x0000000089000000, 0x0000000089000000, 0x0000000089100000|  0%| F|  |TAMS 0x0000000089000000| PB 0x0000000089000000| Untracked |  0
| 109|0x0000000089100000, 0x0000000089100000, 0x0000000089200000|  0%| F|  |TAMS 0x0000000089100000| PB 0x0000000089100000| Untracked |  0
| 110|0x0000000089200000, 0x0000000089200000, 0x0000000089300000|  0%| F|  |TAMS 0x0000000089200000| PB 0x0000000089200000| Untracked |  0
| 111|0x0000000089300000, 0x0000000089380000, 0x0000000089400000| 50%| E|  |TAMS 0x0000000089300000| PB 0x0000000089300000| Complete |  0
| 112|0x0000000089400000, 0x0000000089500000, 0x0000000089500000|100%| E|CS|TAMS 0x0000000089400000| PB 0x0000000089400000| Complete |  0
| 113|0x0000000089500000, 0x0000000089600000, 0x0000000089600000|100%| E|CS|TAMS 0x0000000089500000| PB 0x0000000089500000| Complete |  0
| 114|0x0000000089600000, 0x0000000089700000, 0x0000000089700000|100%| E|CS|TAMS 0x0000000089600000| PB 0x0000000089600000| Complete |  0
| 115|0x0000000089700000, 0x0000000089800000, 0x0000000089800000|100%| E|CS|TAMS 0x0000000089700000| PB 0x0000000089700000| Complete |  0
| 116|0x0000000089800000, 0x0000000089900000, 0x0000000089900000|100%| E|CS|TAMS 0x0000000089800000| PB 0x0000000089800000| Complete |  0
| 117|0x0000000089900000, 0x0000000089a00000, 0x0000000089a00000|100%| E|CS|TAMS 0x0000000089900000| PB 0x0000000089900000| Complete |  0
| 118|0x0000000089a00000, 0x0000000089b00000, 0x0000000089b00000|100%| E|CS|TAMS 0x0000000089a00000| PB 0x0000000089a00000| Complete |  0
| 119|0x0000000089b00000, 0x0000000089c00000, 0x0000000089c00000|100%| E|CS|TAMS 0x0000000089b00000| PB 0x0000000089b00000| Complete |  0
| 120|0x0000000089c00000, 0x0000000089d00000, 0x0000000089d00000|100%| E|CS|TAMS 0x0000000089c00000| PB 0x0000000089c00000| Complete |  0
| 121|0x0000000089d00000, 0x0000000089e00000, 0x0000000089e00000|100%| E|CS|TAMS 0x0000000089d00000| PB 0x0000000089d00000| Complete |  0
| 122|0x0000000089e00000, 0x0000000089f00000, 0x0000000089f00000|100%| E|CS|TAMS 0x0000000089e00000| PB 0x0000000089e00000| Complete |  0
| 123|0x0000000089f00000, 0x000000008a000000, 0x000000008a000000|100%| E|CS|TAMS 0x0000000089f00000| PB 0x0000000089f00000| Complete |  0
| 124|0x000000008a000000, 0x000000008a100000, 0x000000008a100000|100%| E|CS|TAMS 0x000000008a000000| PB 0x000000008a000000| Complete |  0
| 125|0x000000008a100000, 0x000000008a200000, 0x000000008a200000|100%| E|CS|TAMS 0x000000008a100000| PB 0x000000008a100000| Complete |  0
|2009|0x00000000ffd00000, 0x00000000ffe00000, 0x00000000ffe00000|100%| O|  |TAMS 0x00000000ffd00000| PB 0x00000000ffd00000| Untracked |  0
|2010|0x00000000ffe00000, 0x00000000fff00000, 0x00000000fff00000|100%| O|  |TAMS 0x00000000ffe00000| PB 0x00000000ffe00000| Untracked |  0
|2011|0x00000000fff00000, 0x00000000fff41038, 0x0000000100000000| 25%| O|  |TAMS 0x00000000fff00000| PB 0x00000000fff00000| Untracked |  0

Card table byte_map: [0x0000027077fb0000,0x00000270783a0000] _byte_map_base: 0x0000027077b9e000

Marking Bits: (CMBitMap*) 0x00000270732c7530
 Bits: [0x00000270783a0000, 0x000002707a310000)

Polling page: 0x00000270710a0000

Metaspace:
Metaspace        used 3279K, committed 3520K, reserved 1114112K
 class space     used 386K, committed 512K, reserved 1048576K

Usage:
  Non-class:      2.82 MB used.
      Class:    386.97 KB used.
       Both:      3.20 MB used.

Virtual space:
  Non-class space:       64.00 MB reserved,       2.94 MB (  5%) committed,  1 nodes.
      Class space:        1.00 GB reserved,     512.00 KB ( <1%) committed,  1 nodes.
             Both:        1.06 GB reserved,       3.44 MB ( <1%) committed. 

Chunk freelists:
   Non-Class:  10.55 MB
       Class:  15.48 MB
        Both:  26.03 MB

MaxMetaspaceSize: unlimited
CompressedClassSpaceSize: 1.00 GB
Initial GC threshold: 21.00 MB
Current GC threshold: 21.00 MB
CDS: on
 - commit_granule_bytes: 65536.
 - commit_granule_words: 8192.
 - virtual_space_node_default_size: 8388608.
 - enlarge_chunks_in_place: 1.
UseCompressedClassPointers 1, UseCompactObjectHeaders 0
Narrow klass pointer bits 32, Max shift 3
Narrow klass base: 0x000000003d000000, Narrow klass shift: 0
Encoding Range: [0x000000003d000000 - 0x000000013d000000), (4294967296 bytes)
Klass Range:    [0x000000003d010000 - 0x000000007f000000), (1107230720 bytes)
Klass ID Range:  [65536 - 1107296249) (1107230713)
Protection zone: [0x000000003d000000 - 0x000000003d010000), (65536 bytes)


Internal statistics:

num_allocs_failed_limit: 0.
num_arena_births: 94.
num_arena_deaths: 0.
num_vsnodes_births: 2.
num_vsnodes_deaths: 0.
num_space_committed: 55.
num_space_uncommitted: 0.
num_chunks_returned_to_freelist: 0.
num_chunks_taken_from_freelist: 204.
num_chunk_merges: 0.
num_chunk_splits: 126.
num_chunks_enlarged: 76.
num_inconsistent_stats: 0.

CodeHeap 'non-profiled nmethods': size=120064Kb used=345Kb max_used=345Kb free=119718Kb
 bounds [0x0000027007ac0000, 0x0000027007d30000, 0x000002700f000000]
CodeHeap 'profiled nmethods': size=120000Kb used=1512Kb max_used=1512Kb free=118487Kb
 bounds [0x0000027000000000, 0x0000027000270000, 0x0000027007530000]
CodeHeap 'non-nmethods': size=5696Kb used=1404Kb max_used=1419Kb free=4291Kb
 bounds [0x0000027007530000, 0x00000270077a0000, 0x0000027007ac0000]
CodeCache: size=245760Kb, used=3261Kb, max_used=3276Kb, free=242496Kb
 total_blobs=1687, nmethods=1160, adapters=431, full_count=0
Compilation: enabled, stopped_count=0, restarted_count=0

Compilation events (20 events):
Event: 0.473 Thread 0x000002707ce42780 nmethod 1003 0x0000027000142588 code [0x0000027000142680, 0x00000270001427a0]
Event: 0.474 Thread 0x000002707ce42780 1006       3       java.lang.Enum::hashCode (21 bytes)
Event: 0.474 Thread 0x000002707ce42780 nmethod 1006 0x0000027000142888 code [0x0000027000142980, 0x0000027000142af8]
Event: 0.477 Thread 0x000002707ce42780 1007       3       java.util.Objects::checkFromIndexSize (8 bytes)
Event: 0.477 Thread 0x000002707ce42780 nmethod 1007 0x0000027000142b88 code [0x0000027000142c80, 0x0000027000142e78]
Event: 0.478 Thread 0x000002707ce3f950 nmethod 990 0x0000027007b0a888 code [0x0000027007b0a980, 0x0000027007b0ac10]
Event: 0.478 Thread 0x000002707ce3f950  992       4       sun.security.util.math.intpoly.IntegerPolynomial$MutableElement::setProduct (58 bytes)
Event: 0.479 Thread 0x000002707ce42780 1008       3       java.nio.Buffer::remaining (20 bytes)
Event: 0.479 Thread 0x000002707ce42780 nmethod 1008 0x0000027000142e88 code [0x0000027000142f80, 0x00000270001430f8]
Event: 0.483 Thread 0x000002707ce42780 1009       3       jdk.internal.classfile.impl.BufWriterImpl::writeBytes (30 bytes)
Event: 0.484 Thread 0x000002707ce42780 nmethod 1009 0x0000027000143188 code [0x0000027000143280, 0x00000270001435d8]
Event: 0.484 Thread 0x000002707ce3f950 nmethod 992 0x0000027007b0ac88 code [0x0000027007b0ad80, 0x0000027007b0b0c0]
Event: 0.484 Thread 0x000002707ce3f950  996       4       sun.security.util.math.intpoly.IntegerPolynomial$MutableElement::setSquare (52 bytes)
Event: 0.486 Thread 0x000002707ce3f950 nmethod 996 0x0000027007b0b108 code [0x0000027007b0b200, 0x0000027007b0b3a0]
Event: 0.486 Thread 0x000002707ce3f950 1004       4       sun.security.util.math.intpoly.IntegerPolynomial$MutableElement::setSquare (5 bytes)
Event: 0.488 Thread 0x000002707ce3f950 nmethod 1004 0x0000027007b0b408 code [0x0000027007b0b500, 0x0000027007b0b6a0]
Event: 0.488 Thread 0x000002707ce3f950  997       4       sun.security.util.math.intpoly.MontgomeryIntegerPolynomialP256::square (8 bytes)
Event: 0.488 Thread 0x000002707ce3f950 nmethod 997 0x0000027007b0b708 code [0x0000027007b0b800, 0x0000027007b0b8a8]
Event: 0.488 Thread 0x000002707ce3f950 1002       4       sun.security.ec.ECOperations::setDouble (463 bytes)
Event: 1.578 Thread 0x000002707ce42780 1010       1       java.util.concurrent.locks.AbstractOwnableSynchronizer::setExclusiveOwnerThread (6 bytes)

GC Heap Usage History (0 events):
No events

Metaspace Usage History (0 events):
No events

Dll operation events (2 events):
Event: 0.009 Loaded shared library D:\IntelliJ IDEA 2026.1.1\jbr\bin\java.dll
Event: 0.089 Loaded shared library D:\IntelliJ IDEA 2026.1.1\jbr\bin\zip.dll

Deoptimization events (20 events):
Event: 0.442 Thread 0x000002707de0d370 DEOPT PACKING pc=0x00000270001331c6 sp=0x000000eb47ffcdc0
Event: 0.442 Thread 0x000002707de0d370 DEOPT UNPACKING pc=0x0000027007581702 sp=0x000000eb47ffc1e8 mode 0
Event: 0.442 Thread 0x000002707de0d370 DEOPT PACKING pc=0x00000270001331c6 sp=0x000000eb47ffcdc0
Event: 0.442 Thread 0x000002707de0d370 DEOPT UNPACKING pc=0x0000027007581702 sp=0x000000eb47ffc1e8 mode 0
Event: 0.444 Thread 0x000002707de0d370 DEOPT PACKING pc=0x00000270001331c6 sp=0x000000eb47ffcdc0
Event: 0.444 Thread 0x000002707de0d370 DEOPT UNPACKING pc=0x0000027007581702 sp=0x000000eb47ffc1e8 mode 0
Event: 0.445 Thread 0x000002707de0d370 DEOPT PACKING pc=0x00000270001331c6 sp=0x000000eb47ffcdc0
Event: 0.445 Thread 0x000002707de0d370 DEOPT UNPACKING pc=0x0000027007581702 sp=0x000000eb47ffc1e8 mode 0
Event: 0.446 Thread 0x000002707de0d370 DEOPT PACKING pc=0x00000270001331c6 sp=0x000000eb47ffcdc0
Event: 0.446 Thread 0x000002707de0d370 DEOPT UNPACKING pc=0x0000027007581702 sp=0x000000eb47ffc1e8 mode 0
Event: 0.446 Thread 0x000002707de0d370 DEOPT PACKING pc=0x00000270001331c6 sp=0x000000eb47ffcdc0
Event: 0.446 Thread 0x000002707de0d370 DEOPT UNPACKING pc=0x0000027007581702 sp=0x000000eb47ffc1e8 mode 0
Event: 0.447 Thread 0x000002707de0d370 DEOPT PACKING pc=0x00000270001331c6 sp=0x000000eb47ffcdc0
Event: 0.447 Thread 0x000002707de0d370 DEOPT UNPACKING pc=0x0000027007581702 sp=0x000000eb47ffc1e8 mode 0
Event: 0.447 Thread 0x000002707de0d370 DEOPT PACKING pc=0x00000270001331c6 sp=0x000000eb47ffcdc0
Event: 0.447 Thread 0x000002707de0d370 DEOPT UNPACKING pc=0x0000027007581702 sp=0x000000eb47ffc1e8 mode 0
Event: 0.448 Thread 0x000002707de0d370 DEOPT PACKING pc=0x00000270001331c6 sp=0x000000eb47ffcdc0
Event: 0.448 Thread 0x000002707de0d370 DEOPT UNPACKING pc=0x0000027007581702 sp=0x000000eb47ffc1e8 mode 0
Event: 0.449 Thread 0x000002707de0d370 DEOPT PACKING pc=0x00000270001331c6 sp=0x000000eb47ffcdc0
Event: 0.449 Thread 0x000002707de0d370 DEOPT UNPACKING pc=0x0000027007581702 sp=0x000000eb47ffc1e8 mode 0

Classes loaded (20 events):
Event: 0.272 Loading class jdk/internal/event/SocketWriteEvent
Event: 0.272 Loading class jdk/internal/event/SocketWriteEvent done
Event: 0.272 Loading class jdk/internal/event/SocketReadEvent
Event: 0.272 Loading class jdk/internal/event/SocketReadEvent done
Event: 0.273 Loading class java/nio/BufferMismatch
Event: 0.273 Loading class java/nio/BufferMismatch done
Event: 0.273 Loading class sun/nio/ch/SourceChannelImpl
Event: 0.273 Loading class java/nio/channels/Pipe$SourceChannel
Event: 0.273 Loading class java/nio/channels/Pipe$SourceChannel done
Event: 0.273 Loading class sun/nio/ch/SourceChannelImpl done
Event: 0.273 Loading class sun/nio/ch/SinkChannelImpl
Event: 0.273 Loading class java/nio/channels/Pipe$SinkChannel
Event: 0.273 Loading class java/nio/channels/Pipe$SinkChannel done
Event: 0.273 Loading class sun/nio/ch/SinkChannelImpl done
Event: 0.287 Loading class sun/net/spi/DefaultProxySelector$NonProxyInfo
Event: 0.287 Loading class sun/net/spi/DefaultProxySelector$NonProxyInfo done
Event: 0.376 Loading class sun/security/ec/ECOperations$Secp256R1GeneratorMontgomeryMultiplier
Event: 0.377 Loading class sun/security/ec/ECOperations$Secp256R1GeneratorMontgomeryMultiplier done
Event: 0.377 Loading class sun/security/ec/ECOperations$DefaultMultiplier
Event: 0.377 Loading class sun/security/ec/ECOperations$DefaultMultiplier done

Classes unloaded (0 events):
No events

Classes redefined (0 events):
No events

Internal exceptions (16 events):
Event: 0.101 Thread 0x0000027070e017a0 Exception <a 'sun/nio/fs/WindowsException'{0x0000000089fe6098}> (0x0000000089fe6098) 
thrown [s\src\hotspot\share\prims\jni.cpp, line 535]
Event: 0.182 Thread 0x0000027070e017a0 Exception <a 'java/lang/NoSuchMethodError'{0x0000000089d73dd8}: 'java.lang.Object java.lang.invoke.DirectMethodHandle$Holder.invokeStaticInit(java.lang.Object, java.lang.Object, int, int, int, int)'> (0x0000000089d73dd8) 
thrown [s\src\hotspot\share\interpreter\linkResolver.cpp, line 815]
Event: 0.201 Thread 0x0000027070e017a0 Exception <a 'java/lang/NoSuchMethodError'{0x0000000089c00f38}: 'int java.lang.invoke.DirectMethodHandle$Holder.invokeSpecialIFC(java.lang.Object, java.lang.Object, java.lang.Object)'> (0x0000000089c00f38) 
thrown [s\src\hotspot\share\interpreter\linkResolver.cpp, line 815]
Event: 0.222 Thread 0x0000027070e017a0 Exception <a 'java/lang/NoSuchMethodError'{0x0000000089cfae30}: 'long java.lang.invoke.DirectMethodHandle$Holder.invokeSpecial(java.lang.Object, java.lang.Object)'> (0x0000000089cfae30) 
thrown [s\src\hotspot\share\interpreter\linkResolver.cpp, line 815]
Event: 0.225 Thread 0x0000027070e017a0 Exception <a 'java/lang/NoSuchMethodError'{0x0000000089b12040}: 'int java.lang.invoke.DirectMethodHandle$Holder.invokeStatic(java.lang.Object, java.lang.Object, java.lang.Object, java.lang.Object)'> (0x0000000089b12040) 
thrown [s\src\hotspot\share\interpreter\linkResolver.cpp, line 815]
Event: 0.281 Thread 0x0000027070e017a0 Exception <a 'java/lang/NoSuchMethodError'{0x0000000089a5b420}: 'java.lang.Object java.lang.invoke.DirectMethodHandle$Holder.newInvokeSpecial(java.lang.Object, java.lang.Object, java.lang.Object, java.lang.Object, java.lang.Object)'> (0x0000000089a5b420) 
thrown [s\src\hotspot\share\interpreter\linkResolver.cpp, line 815]
Event: 0.307 Thread 0x0000027070e017a0 Exception <a 'java/lang/NoSuchMethodError'{0x00000000899ba210}: 'java.lang.Object java.lang.invoke.DirectMethodHandle$Holder.invokeSpecial(java.lang.Object, java.lang.Object, java.lang.Object, java.lang.Object, java.lang.Object, int)'> (0x00000000899ba210) 
thrown [s\src\hotspot\share\interpreter\linkResolver.cpp, line 815]
Event: 0.308 Thread 0x0000027070e017a0 Exception <a 'java/lang/NoSuchMethodError'{0x00000000899caa58}: 'java.lang.Object java.lang.invoke.Invokers$Holder.linkToTargetMethod(java.lang.Object, java.lang.Object, int, java.lang.Object)'> (0x00000000899caa58) 
thrown [s\src\hotspot\share\interpreter\linkResolver.cpp, line 815]
Event: 0.313 Thread 0x0000027070e017a0 Exception <a 'java/lang/NoSuchMethodError'{0x00000000899eca38}: 'void java.lang.invoke.DirectMethodHandle$Holder.invokeSpecial(java.lang.Object, java.lang.Object, java.lang.Object)'> (0x00000000899eca38) 
thrown [s\src\hotspot\share\interpreter\linkResolver.cpp, line 815]
Event: 0.327 Thread 0x000002707d4aba80 Exception <a 'java/lang/NoSuchMethodError'{0x0000000089a943e8}: 'int java.lang.invoke.DirectMethodHandle$Holder.invokeStatic(java.lang.Object, int, java.lang.Object)'> (0x0000000089a943e8) 
thrown [s\src\hotspot\share\interpreter\linkResolver.cpp, line 815]
Event: 0.328 Thread 0x000002707d4aba80 Exception <a 'java/lang/NoSuchMethodError'{0x0000000089aab8f0}: 'void java.lang.invoke.DirectMethodHandle$Holder.invokeStatic(java.lang.Object, java.lang.Object, int)'> (0x0000000089aab8f0) 
thrown [s\src\hotspot\share\interpreter\linkResolver.cpp, line 815]
Event: 0.329 Thread 0x000002707d4aba80 Exception <a 'java/lang/NoSuchMethodError'{0x0000000089abac10}: 'java.lang.Object java.lang.invoke.DirectMethodHandle$Holder.newInvokeSpecial(java.lang.Object, java.lang.Object, int)'> (0x0000000089abac10) 
thrown [s\src\hotspot\share\interpreter\linkResolver.cpp, line 815]
Event: 0.331 Thread 0x0000027070e017a0 Exception <a 'java/lang/NoSuchMethodError'{0x00000000898b3008}: 'void java.lang.invoke.DirectMethodHandle$Holder.invokeSpecial(java.lang.Object, java.lang.Object, java.lang.Object, java.lang.Object, java.lang.Object)'> (0x00000000898b3008) 
thrown [s\src\hotspot\share\interpreter\linkResolver.cpp, line 815]
Event: 0.342 Thread 0x000002707de0d370 Exception <a 'java/lang/NoSuchMethodError'{0x000000008970db08}: 'void java.lang.invoke.DirectMethodHandle$Holder.invokeInterface(java.lang.Object, java.lang.Object, java.lang.Object)'> (0x000000008970db08) 
thrown [s\src\hotspot\share\interpreter\linkResolver.cpp, line 815]
Event: 0.357 Thread 0x000002707de0d370 Exception <a 'java/lang/NoSuchMethodError'{0x000000008979ba18}: 'long java.lang.invoke.DirectMethodHandle$Holder.invokeStatic(java.lang.Object, long, long)'> (0x000000008979ba18) 
thrown [s\src\hotspot\share\interpreter\linkResolver.cpp, line 815]
Event: 0.357 Thread 0x000002707d4aba80 Exception <a 'java/lang/NoSuchMethodError'{0x0000000089af87e8}: 'long java.lang.invoke.DirectMethodHandle$Holder.invokeStatic(java.lang.Object, long, long)'> (0x0000000089af87e8) 
thrown [s\src\hotspot\share\interpreter\linkResolver.cpp, line 815]

VM Operations (2 events):
Event: 0.126 Executing non-safepoint VM operation: HandshakeAllThreads (Deoptimize)
Event: 0.126 Executing non-safepoint VM operation: HandshakeAllThreads (Deoptimize) done

Memory protections (0 events):
No events

Nmethod flushes (0 events):
No events

Events (20 events):
Event: 0.039 Thread 0x0000027070e017a0 Thread added: 0x0000027070e017a0
Event: 0.049 Thread 0x0000027070e017a0 Thread added: 0x000002707ce14140
Event: 0.049 Thread 0x0000027070e017a0 Thread added: 0x000002707ce15a20
Event: 0.049 Thread 0x0000027070e017a0 Thread added: 0x000002707ce161e0
Event: 0.050 Thread 0x0000027070e017a0 Thread added: 0x000002707ce17420
Event: 0.050 Thread 0x0000027070e017a0 Thread added: 0x000002707ce22370
Event: 0.050 Thread 0x0000027070e017a0 Thread added: 0x000002707ce22c60
Event: 0.050 Thread 0x0000027070e017a0 Thread added: 0x000002707ce23420
Event: 0.050 Thread 0x0000027070e017a0 Thread added: 0x000002707ce3f950
Event: 0.050 Thread 0x0000027070e017a0 Thread added: 0x000002707ce42780
Event: 0.055 Thread 0x0000027070e017a0 Thread added: 0x000002707ce9e2a0
Event: 0.057 Loaded shared library D:\IntelliJ IDEA 2026.1.1\jbr\bin\net.dll
Event: 0.059 Loaded shared library D:\IntelliJ IDEA 2026.1.1\jbr\bin\nio.dll
Event: 0.061 Loaded shared library D:\IntelliJ IDEA 2026.1.1\jbr\bin\zip.dll
Event: 0.104 Loaded shared library D:\IntelliJ IDEA 2026.1.1\jbr\bin\jimage.dll
Event: 0.244 Loaded shared library D:\IntelliJ IDEA 2026.1.1\jbr\bin\sunmscapi.dll
Event: 0.270 Loaded shared library D:\IntelliJ IDEA 2026.1.1\jbr\bin\extnet.dll
Event: 0.276 Thread 0x0000027070e017a0 Thread added: 0x000002707d4aba80
Event: 0.334 Thread 0x000002707d4aba80 Thread added: 0x000002707de0d370
Event: 0.359 Thread 0x000002707d4aba80 Thread added: 0x000002707de28fb0


Dynamic libraries:
0x00007ff7727c0000 - 0x00007ff7727ca000 	D:\IntelliJ IDEA 2026.1.1\jbr\bin\java.exe
0x00007fff16d60000 - 0x00007fff16fc6000 	C:\WINDOWS\SYSTEM32\ntdll.dll
0x00007fff15610000 - 0x00007fff156d9000 	C:\WINDOWS\System32\KERNEL32.DLL
0x00007fff14220000 - 0x00007fff14620000 	C:\WINDOWS\System32\KERNELBASE.dll
0x00007fff13f80000 - 0x00007fff140cc000 	C:\WINDOWS\System32\ucrtbase.dll
0x00007fff08270000 - 0x00007fff0828e000 	D:\IntelliJ IDEA 2026.1.1\jbr\bin\VCRUNTIME140.dll
0x00007ffed4690000 - 0x00007ffed46a7000 	D:\IntelliJ IDEA 2026.1.1\jbr\bin\jli.dll
0x00007fff15e80000 - 0x00007fff16047000 	C:\WINDOWS\System32\USER32.dll
0x00007fff146f0000 - 0x00007fff14717000 	C:\WINDOWS\System32\win32u.dll
0x00007fff14f70000 - 0x00007fff14f9b000 	C:\WINDOWS\System32\GDI32.dll
0x00007fff147e0000 - 0x00007fff14909000 	C:\WINDOWS\System32\gdi32full.dll
0x00007fff140e0000 - 0x00007fff14183000 	C:\WINDOWS\System32\msvcp_win.dll
0x00007fff009e0000 - 0x00007fff00c72000 	C:\WINDOWS\WinSxS\amd64_microsoft.windows.common-controls_6595b64144ccf1df_6.0.26100.8737_none_3e092eaee333b772\COMCTL32.dll
0x00007fff15560000 - 0x00007fff15609000 	C:\WINDOWS\System32\msvcrt.dll
0x00007fff14b40000 - 0x00007fff14b72000 	C:\WINDOWS\System32\IMM32.DLL
0x00007fff0eaa0000 - 0x00007fff0eaac000 	D:\IntelliJ IDEA 2026.1.1\jbr\bin\vcruntime140_1.dll
0x00007ffef93e0000 - 0x00007ffef9469000 	D:\IntelliJ IDEA 2026.1.1\jbr\bin\msvcp140.dll
0x00007ffe69100000 - 0x00007ffe6a052000 	D:\IntelliJ IDEA 2026.1.1\jbr\bin\server\jvm.dll
0x00007fff15a40000 - 0x00007fff15af7000 	C:\WINDOWS\System32\ADVAPI32.dll
0x00007fff14a90000 - 0x00007fff14b3a000 	C:\WINDOWS\System32\sechost.dll
0x00007fff15ba0000 - 0x00007fff15cb8000 	C:\WINDOWS\System32\RPCRT4.dll
0x00007fff15b10000 - 0x00007fff15b90000 	C:\WINDOWS\System32\WS2_32.dll
0x00007fff06320000 - 0x00007fff0632b000 	C:\WINDOWS\SYSTEM32\VERSION.dll
0x00007fff13de0000 - 0x00007fff13e3e000 	C:\WINDOWS\SYSTEM32\POWRPROF.dll
0x00007ffefc490000 - 0x00007ffefc4c6000 	C:\WINDOWS\SYSTEM32\WINMM.dll
0x00007fff13dc0000 - 0x00007fff13dd4000 	C:\WINDOWS\SYSTEM32\UMPDC.dll
0x00007fff12c20000 - 0x00007fff12c3b000 	C:\WINDOWS\SYSTEM32\kernel.appcore.dll
0x00007fff08400000 - 0x00007fff0840a000 	D:\IntelliJ IDEA 2026.1.1\jbr\bin\jimage.dll
0x00007fff111b0000 - 0x00007fff113f2000 	C:\WINDOWS\SYSTEM32\DBGHELP.DLL
0x00007fff14be0000 - 0x00007fff14f63000 	C:\WINDOWS\System32\combase.dll
0x00007fff15010000 - 0x00007fff150e9000 	C:\WINDOWS\System32\OLEAUT32.dll
0x00007ffef54c0000 - 0x00007ffef54fb000 	C:\WINDOWS\SYSTEM32\dbgcore.DLL
0x00007fff14720000 - 0x00007fff147cc000 	C:\WINDOWS\System32\bcryptPrimitives.dll
0x00007fff067c0000 - 0x00007fff067df000 	D:\IntelliJ IDEA 2026.1.1\jbr\bin\java.dll
0x00007fff152f0000 - 0x00007fff15489000 	C:\WINDOWS\System32\ole32.dll
0x00007fff160f0000 - 0x00007fff16882000 	C:\WINDOWS\System32\SHELL32.dll
0x00007fff11a00000 - 0x00007fff12292000 	C:\WINDOWS\SYSTEM32\windows.storage.dll
0x00007fff15940000 - 0x00007fff15a37000 	C:\WINDOWS\System32\SHCORE.dll
0x00007fff150f0000 - 0x00007fff15157000 	C:\WINDOWS\System32\shlwapi.dll
0x00007fff13ea0000 - 0x00007fff13ec9000 	C:\WINDOWS\SYSTEM32\profapi.dll
0x00007fff00060000 - 0x00007fff00072000 	D:\IntelliJ IDEA 2026.1.1\jbr\bin\net.dll
0x00007fff131b0000 - 0x00007fff1321c000 	C:\WINDOWS\system32\mswsock.dll
0x00007ffeffe60000 - 0x00007ffeffe76000 	D:\IntelliJ IDEA 2026.1.1\jbr\bin\nio.dll
0x00007fff01d20000 - 0x00007fff01d37000 	D:\IntelliJ IDEA 2026.1.1\jbr\bin\zip.dll
0x00007fff135e0000 - 0x00007fff135fb000 	C:\WINDOWS\SYSTEM32\CRYPTSP.dll
0x00007fff12b80000 - 0x00007fff12bb9000 	C:\WINDOWS\system32\rsaenh.dll
0x00007fff13270000 - 0x00007fff132a2000 	C:\WINDOWS\SYSTEM32\USERENV.dll
0x00007fff13e70000 - 0x00007fff13e9a000 	C:\WINDOWS\SYSTEM32\bcrypt.dll
0x00007fff13420000 - 0x00007fff1342c000 	C:\WINDOWS\SYSTEM32\CRYPTBASE.dll
0x00007fff125d0000 - 0x00007fff12603000 	C:\WINDOWS\SYSTEM32\IPHLPAPI.DLL
0x00007fff16050000 - 0x00007fff1605a000 	C:\WINDOWS\System32\NSI.dll
0x00007ffeff2c0000 - 0x00007ffeff2ce000 	D:\IntelliJ IDEA 2026.1.1\jbr\bin\sunmscapi.dll
0x00007fff14910000 - 0x00007fff14a88000 	C:\WINDOWS\System32\CRYPT32.dll
0x00007fff13750000 - 0x00007fff13780000 	C:\WINDOWS\SYSTEM32\ncrypt.dll
0x00007fff13700000 - 0x00007fff1373f000 	C:\WINDOWS\SYSTEM32\NTASN1.dll
0x00007ffedc690000 - 0x00007ffedc698000 	C:\WINDOWS\system32\wshunix.dll
0x00007ffeff140000 - 0x00007ffeff149000 	D:\IntelliJ IDEA 2026.1.1\jbr\bin\extnet.dll

JVMTI agents: none

dbghelp: loaded successfully - version: 4.0.5 - missing functions: none
symbol engine: initialized successfully - sym options: 0x614 - pdb path: .;D:\IntelliJ IDEA 2026.1.1\jbr\bin;C:\WINDOWS\SYSTEM32;C:\WINDOWS\WinSxS\amd64_microsoft.windows.common-controls_6595b64144ccf1df_6.0.26100.8737_none_3e092eaee333b772;D:\IntelliJ IDEA 2026.1.1\jbr\bin\server

VM Arguments:
java_command: git4idea.http.GitAskPassApp Username for 'https://github.com': 
java_class_path (initial): D:/IntelliJ IDEA 2026.1.1/plugins/vcs-git/lib/git4idea-rt.jar;D:/IntelliJ IDEA 2026.1.1/lib/externalProcess-rt.jar
Launcher Type: SUN_STANDARD

[Global flags]
     intx CICompilerCount                          = 4                                         {product} {ergonomic}
     uint ConcGCThreads                            = 3                                         {product} {ergonomic}
     uint G1ConcRefinementThreads                  = 10                                        {product} {ergonomic}
   size_t G1HeapRegionSize                         = 1048576                                   {product} {ergonomic}
   size_t InitialHeapSize                          = 132120576                                 {product} {ergonomic}
   size_t MarkStackSize                            = 4194304                                   {product} {ergonomic}
   size_t MarkStackSizeMax                         = 536870912                                 {product} {ergonomic}
   size_t MaxHeapSize                              = 2109734912                                {product} {ergonomic}
   size_t MaxNewSize                               = 1265631232                                {product} {ergonomic}
   size_t MinHeapDeltaBytes                        = 1048576                                   {product} {ergonomic}
   size_t MinHeapSize                              = 8388608                                   {product} {ergonomic}
    uintx NonNMethodCodeHeapSize                   = 5832704                                {pd product} {ergonomic}
    uintx NonProfiledCodeHeapSize                  = 122945536                              {pd product} {ergonomic}
    uintx ProfiledCodeHeapSize                     = 122880000                              {pd product} {ergonomic}
    uintx ReservedCodeCacheSize                    = 251658240                              {pd product} {ergonomic}
     bool SegmentedCodeCache                       = true                                      {product} {ergonomic}
   size_t SoftMaxHeapSize                          = 2109734912                             {manageable} {ergonomic}
     bool UseCompressedOops                        = true                           {product lp64_product} {ergonomic}
     bool UseG1GC                                  = true                                      {product} {ergonomic}
     bool UseLargePagesIndividualAllocation        = false                                  {pd product} {ergonomic}

Logging:
Log output configuration:
 #0: stdout all=warning uptime,level,tags foldmultilines=false
 #1: stderr all=off uptime,level,tags foldmultilines=false

Release file:
JAVA_VERSION="25.0.2" 
MODULES="java.base java.datatransfer java.xml java.prefs java.desktop gluegen.rt java.compiler java.instrument java.logging java.management java.security.sasl java.naming java.rmi java.management.rmi java.net.http java.scripting java.security.jgss java.transaction.xa java.sql java.sql.rowset java.xml.crypto java.se java.smartcardio jogl.all jcef jdk.accessibility jdk.internal.jvmstat jdk.attach jdk.charsets jdk.internal.opt jdk.zipfs jdk.compiler jdk.crypto.cryptoki jdk.crypto.ec jdk.crypto.mscapi jdk.dynalink jdk.hotspot.agent jdk.httpserver jdk.internal.ed jdk.internal.le jdk.internal.md jdk.internal.vm.ci jdk.javadoc jdk.jcmd jdk.jdwp.agent jdk.jdi jdk.jfr jdk.localedata jdk.management jdk.management.agent jdk.management.jfr jdk.naming.dns jdk.naming.rmi jdk.net jdk.sctp jdk.security.auth jdk.security.jgss jdk.unsupported jdk.unsupported.desktop jdk.xml.dom" 
IMPLEMENTOR="JetBrains s.r.o." 
IMPLEMENTOR_VERSION="JBR-25.0.2+1-329.117-jcef" 
JAVA_RUNTIME_VERSION="25.0.2+1-b329.117" 
LIBC="default" 
OS_ARCH="x86_64" 
OS_NAME="Windows" 
SOURCE=".:git:b692a8ec6ff7+ jcef_git:git:4a605f44671a" 
JCEF_VERSION="137.0.17.1142+g68de80b" 
JCEF_COMMIT_HASH="68de80bc86de497c8d0632ad0f8fe33625b33bff" 
JCEF_VERSION_DETAILED=137.0.17-gf354b0e-chromium-137.0.7151.104-api-1.21-261-b81

Environment Variables:
JAVA_HOME=C:\Program Files\Java\jdk-24
PATH=C:\Program Files\Git\mingw64\libexec\git-core;C:\Program Files\Git\mingw64\libexec\git-core;C:\Program Files\Git\mingw64\bin;C:\Program Files\Git\usr\bin;C:\Users\Administrator\bin;C:\Program Files\Common Files\Oracle\Java\javapath;C:\Program Files (x86)\Common Files\Oracle\Java\javapath;C:\WINDOWS\system32;C:\WINDOWS;C:\WINDOWS\System32\Wbem;C:\WINDOWS\System32\WindowsPowerShell\v1.0;C:\WINDOWS\System32\OpenSSH;C:\Program Files (x86)\Microsoft SQL Server\100\Tools\Binn;C:\Program Files\Microsoft SQL Server\100\Tools\Binn;C:\Program Files\Microsoft SQL Server\100\DTS\Binn;C:\Program Files (x86)\Microsoft SQL Server\100\Tools\Binn\VSShell\Common7\IDE;C:\Program Files (x86)\Microsoft SQL Server\100\DTS\Binn;C:\Program Files\Microsoft SQL Server\Client SDK\ODBC\170\Tools\Binn;C:\Program Files (x86)\Microsoft SQL Server\150\Tools\Binn;C:\Program Files\Microsoft SQL Server\150\Tools\Binn;C:\Program Files\Microsoft SQL Server\150\DTS\Binn;C:\Program Files (x86)\Microsoft SQL Server\160\DTS\Binn;C:\Program Files\nodejs;C:\Program Files\Git\cmd;C:\Program Files\Google\Chrome\Application;C:\Program Files\apache-maven-3.9.15\BIN;C:\Program Files\Java\jdk-24\BIN;C:\Program Files\Docker\Docker\resources\bin;C:\Program Files\Cloudflare\Cloudflare WARP;C:\Users\Administrator\AppData\Local\Microsoft\WindowsApps;C:\Users\Administrator\AppData\Local\Programs\Microsoft VS Code\bin;C:\Program Files\Azure Data Studio\bin;C:\Users\Administrator\AppData\Roaming\npm
USERNAME=Administrator
DISPLAY=:0.0
LC_ALL=en_US.UTF-8
TERM=xterm-256color
TMPDIR=C:\Users\ADMINI~1\AppData\Local\Temp
OS=Windows_NT
PROCESSOR_IDENTIFIER=Intel64 Family 6 Model 158 Stepping 13, GenuineIntel
TMP=C:\Users\ADMINI~1\AppData\Local\Temp
TEMP=C:\Users\ADMINI~1\AppData\Local\Temp




Compilation memory statistics disabled.

Periodic native trim disabled

JNI global refs:
JNI global refs: 19, weak refs: 0

JNI global refs memory usage: 835, weak refs: 833

Process memory usage:
Resident Set Size: 91352K (1% of 8236916K total physical memory with 362284K free physical memory)

OOME stack traces (most recent first):
Classloader memory used:
Loader bootstrap                                                                       : 1679 K
Loader jdk.internal.loader.ClassLoaders$PlatformClassLoader                            : 1576 K
Loader jdk.internal.loader.ClassLoaders$AppClassLoader                                 : 27392 B

---------------  S Y S T E M  ---------------

OS:
 Windows 11 , 64 bit Build 26100 (10.0.26100.8737)
OS uptime: 2 days 7:14 hours
Hyper-V role detected

CPU: total 12 (initial active 12) (6 cores per cpu, 2 threads per core) family 6 model 158 stepping 13 microcode 0xde, cx8, cmov, fxsr, ht, mmx, 3dnowpref, sse, sse2, sse3, ssse3, sse4.1, sse4.2, popcnt, lzcnt, tsc, tscinvbit, avx, avx2, aes, erms, clmul, bmi1, bmi2, adx, fma, vzeroupper, clflush, clflushopt, hv, rdtscp, f16c
Processor Information for the first 12 processors :
  Max Mhz: 2592, Current Mhz: 2592, Mhz Limit: 2592

Memory: 4k page, system-wide physical 8043M (353M free)
TotalPageFile size 32619M (AvailPageFile size 49M)
current process WorkingSet (physical memory assigned to process): 89M, peak: 89M
current process commit charge ("private bytes"): 245M, peak: 247M

vm_info: OpenJDK 64-Bit Server VM (25.0.2+1-b329.117) for windows-amd64 JRE (25.0.2+1-b329.117), built on 2026-04-20 with MS VC++ 17.14 (VS2022)

END.
