#
# There is insufficient memory for the Java Runtime Environment to continue.
# Native memory allocation (malloc) failed to allocate 1330392 bytes. Error detail: Chunk::new
# Possible reasons:
#   The system is out of physical RAM or swap space
#   This process is running with CompressedOops enabled, and the Java Heap may be blocking the growth of the native heap
# Possible solutions:
#   Reduce memory load on the system
#   Increase physical memory or swap space
#   Check if swap backing store is full
#   Decrease Java heap size (-Xmx/-Xms)
#   Decrease number of Java threads
#   Decrease Java thread stack sizes (-Xss)
#   Set larger code cache with -XX:ReservedCodeCacheSize=
#   JVM is running with Unscaled Compressed Oops mode in which the Java heap is
#     placed in the first 4GB address space. The Java Heap base address is the
#     maximum limit for the native heap growth. Please use -XX:HeapBaseMinAddress
#     to set the Java Heap base and to place the Java Heap above 4GB virtual address.
# This output file may be truncated or incomplete.
#
#  Out of Memory Error (arena.cpp:186), pid=24584, tid=8232
#
# JRE version: OpenJDK Runtime Environment JBR-25.0.2+1-329.117-jcef (25.0.2+1) (build 25.0.2+1-b329.117)
# Java VM: OpenJDK 64-Bit Server VM JBR-25.0.2+1-329.117-jcef (25.0.2+1-b329.117, mixed mode, sharing, tiered, compressed oops, compressed class ptrs, g1 gc, windows-amd64)
# No core dump will be written. Minidumps are not enabled by default on client versions of Windows
#

---------------  S U M M A R Y ------------

Command Line: git4idea.http.GitAskPassApp Username for 'https://github.com': 

Host: Intel(R) Core(TM) i7-9750H CPU @ 2.60GHz, 12 cores, 7G,  Windows 11 , 64 bit Build 26100 (10.0.26100.8521)
Time: Thu Jun 11 20:32:24 2026 SE Asia Standard Time elapsed time: 1.478661 seconds (0d 0h 0m 1s)

---------------  T H R E A D  ---------------

Current thread (0x00000162ee42aae0):  JavaThread "C2 CompilerThread0" daemon [_thread_in_native, id=8232, stack(0x0000004d03600000,0x0000004d03700000) (1024K)]


Current CompileTask:
C2:1478  850       4       java.lang.StringLatin1::replace (197 bytes)

Stack: [0x0000004d03600000,0x0000004d03700000]
Native frames: (J=compiled Java code, j=interpreted, Vv=VM code, C=native code)
V  [jvm.dll+0x7c0cc9]  (no source info available)
V  [jvm.dll+0x78a49d]  (no source info available)
V  [jvm.dll+0xa0e693]  (no source info available)
V  [jvm.dll+0xa10e8c]  (no source info available)
V  [jvm.dll+0xa11583]  (no source info available)
V  [jvm.dll+0x307b46]  (no source info available)
V  [jvm.dll+0x114676]  (no source info available)
V  [jvm.dll+0x1149a6]  (no source info available)
V  [jvm.dll+0x1a9114]  (no source info available)
V  [jvm.dll+0x3c1102]  (no source info available)
V  [jvm.dll+0x7c6628]  (no source info available)
V  [jvm.dll+0x2c9c67]  (no source info available)
V  [jvm.dll+0x2c8bdb]  (no source info available)
V  [jvm.dll+0x240560]  (no source info available)
V  [jvm.dll+0x2d8c64]  (no source info available)
V  [jvm.dll+0x2d6e8b]  (no source info available)
V  [jvm.dll+0x49dbc5]  (no source info available)
V  [jvm.dll+0x9ae57d]  (no source info available)
V  [jvm.dll+0x7bf1e5]  (no source info available)
C  [ucrtbase.dll+0x2cd30]  (no source info available)
C  [KERNEL32.DLL+0x2e957]  (no source info available)
C  [ntdll.dll+0x87c1c]  (no source info available)

Lock stack of current Java thread (top to bottom):


---------------  P R O C E S S  ---------------

Threads class SMR info:
_java_thread_list=0x00000162f3c2a7f0, length=15, elements={
0x00000162d3ad2030, 0x00000162ee40f7c0, 0x00000162ee411f80, 0x00000162ee412de0,
0x00000162ee4175c0, 0x00000162ee4183e0, 0x00000162ee419be0, 0x00000162ee41b920,
0x00000162ee42aae0, 0x00000162ee43ebf0, 0x00000162f3085870, 0x00000162f384fbd0,
0x00000162f3bb3790, 0x00000162f3c25400, 0x00000162f3c2c260
}

Java Threads: ( => current thread )
  0x00000162d3ad2030 JavaThread "main"                              [_thread_blocked, id=20112, stack(0x0000004d02700000,0x0000004d02800000) (1024K)]
  0x00000162ee40f7c0 JavaThread "Common-Cleaner"             daemon [_thread_blocked, id=32264, stack(0x0000004d02f00000,0x0000004d03000000) (1024K)]
  0x00000162ee411f80 JavaThread "Reference Handler"          daemon [_thread_blocked, id=25732, stack(0x0000004d03000000,0x0000004d03100000) (1024K)]
  0x00000162ee412de0 JavaThread "Finalizer"                  daemon [_thread_blocked, id=15916, stack(0x0000004d03100000,0x0000004d03200000) (1024K)]
  0x00000162ee4175c0 JavaThread "Signal Dispatcher"          daemon [_thread_blocked, id=18584, stack(0x0000004d03200000,0x0000004d03300000) (1024K)]
  0x00000162ee4183e0 JavaThread "Attach Listener"            daemon [_thread_blocked, id=10176, stack(0x0000004d03300000,0x0000004d03400000) (1024K)]
  0x00000162ee419be0 JavaThread "Service Thread"             daemon [_thread_blocked, id=10836, stack(0x0000004d03400000,0x0000004d03500000) (1024K)]
  0x00000162ee41b920 JavaThread "Monitor Deflation Thread"   daemon [_thread_blocked, id=21228, stack(0x0000004d03500000,0x0000004d03600000) (1024K)]
=>0x00000162ee42aae0 JavaThread "C2 CompilerThread0"         daemon [_thread_in_native, id=8232, stack(0x0000004d03600000,0x0000004d03700000) (1024K)]
  0x00000162ee43ebf0 JavaThread "C1 CompilerThread0"         daemon [_thread_in_native, id=28544, stack(0x0000004d03700000,0x0000004d03800000) (1024K)]
  0x00000162f3085870 JavaThread "Notification Thread"        daemon [_thread_blocked, id=27488, stack(0x0000004d03800000,0x0000004d03900000) (1024K)]
  0x00000162f384fbd0 JavaThread "HttpClient-1-SelectorManager" daemon [_thread_in_native, id=932, stack(0x0000004d03900000,0x0000004d03a00000) (1024K)]
  0x00000162f3bb3790 JavaThread "HttpClient-1-Worker-0"      daemon [_thread_in_Java, id=13464, stack(0x0000004d03b00000,0x0000004d03c00000) (1024K)]
  0x00000162f3c25400 JavaThread "HttpClient-1-Worker-1"      daemon [_thread_blocked, id=30044, stack(0x0000004d03c00000,0x0000004d03d00000) (1024K)]
  0x00000162f3c2c260 JavaThread "C2 CompilerThread1"         daemon [_thread_in_vm, id=29720, stack(0x0000004d03d00000,0x0000004d03e00000) (1024K)]
Total: 15

Other Threads:
  0x00000162ee3fb940 VMThread "VM Thread"                           [id=25396, stack(0x0000004d02e00000,0x0000004d02f00000) (1024K)]
  0x00000162ee3e9860 WatcherThread "VM Periodic Task Thread"        [id=6744, stack(0x0000004d02d00000,0x0000004d02e00000) (1024K)]
  0x00000162d5fe84e0 WorkerThread "GC Thread#0"                     [id=6108, stack(0x0000004d02800000,0x0000004d02900000) (1024K)]
  0x00000162d603fd00 ConcurrentGCThread "G1 Main Marker"            [id=31888, stack(0x0000004d02900000,0x0000004d02a00000) (1024K)]
  0x00000162d6041040 WorkerThread "G1 Conc#0"                       [id=14068, stack(0x0000004d02a00000,0x0000004d02b00000) (1024K)]
  0x00000162ee2ae670 ConcurrentGCThread "G1 Refine#0"               [id=28392, stack(0x0000004d02b00000,0x0000004d02c00000) (1024K)]
  0x00000162ee2b1090 ConcurrentGCThread "G1 Service"                [id=6424, stack(0x0000004d02c00000,0x0000004d02d00000) (1024K)]
Total: 7

Threads with active compile tasks:
C2 CompilerThread0  2567  850       4       java.lang.StringLatin1::replace (197 bytes)
C1 CompilerThread0  2567  996       3       sun.security.util.math.intpoly.MontgomeryIntegerPolynomialP256::get0 (13 bytes)
C2 CompilerThread1  2567  973       4       sun.security.util.math.intpoly.IntegerPolynomial$MutableElement::setProduct (6 bytes)
Total: 3

VM state: not at safepoint (normal execution)

VM Mutex/Monitor currently owned by a thread: None

Heap address: 0x0000000082400000, size: 2012 MB, Compressed Oops mode: 32-bit

CDS archive(s) mapped at: [0x000000000e000000-0x000000000fcd0000-0x000000000fcd0000), size 30212096, SharedBaseAddress: 0x000000000e000000, ArchiveRelocationMode: 1.
Compressed class space mapped at: 0x0000000010000000-0x0000000050000000, reserved size: 1073741824
UseCompressedClassPointers 1, UseCompactObjectHeaders 0
Narrow klass pointer bits 32, Max shift 3
Narrow klass base: 0x000000000e000000, Narrow klass shift: 0
Encoding Range: [0x000000000e000000 - 0x000000010e000000), (4294967296 bytes)
Klass Range:    [0x000000000e010000 - 0x0000000050000000), (1107230720 bytes)
Klass ID Range:  [65536 - 1107296249) (1107230713)
Protection zone: [0x000000000e000000 - 0x000000000e010000), (65536 bytes)

GC Precious Log:
 CardTable entry size: 512
 Card Set container configuration: InlinePtr #cards 5 size 8 Array Of Cards #cards 10 size 36 Howl #buckets 4 coarsen threshold 1843 Howl Bitmap #cards 512 size 80 coarsen threshold 460 Card regions per heap region 1 cards per card region 2048
 CPUs: 12 total, 12 available
 Memory: 8043M
 Large Page Support: Disabled
 NUMA Support: Disabled
 Compressed Oops: Enabled (32-bit)
 Heap Region Size: 1M
 Heap Min Capacity: 8M
 Heap Initial Capacity: 126M
 Heap Max Capacity: 2012M
 Pre-touch: Disabled
 Parallel Workers: 10
 Concurrent Workers: 3
 Concurrent Refinement Workers: 10
 Periodic GC: Disabled

Heap:
 garbage-first heap   total reserved 2060288K, committed 132096K, used 13572K [0x0000000082400000, 0x0000000100000000)
  region size 1024K, 12 young (12288K), 0 survivors (0K)

Heap Regions: E=young(eden), S=young(survivor), O=old, HS=humongous(starts), HC=humongous(continues), CS=collection set, F=free, TAMS=top-at-mark-start, PB=parsable bottom
|   0|0x0000000082400000, 0x0000000082400000, 0x0000000082500000|  0%| F|  |TAMS 0x0000000082400000| PB 0x0000000082400000| Untracked |  0
|   1|0x0000000082500000, 0x0000000082500000, 0x0000000082600000|  0%| F|  |TAMS 0x0000000082500000| PB 0x0000000082500000| Untracked |  0
|   2|0x0000000082600000, 0x0000000082600000, 0x0000000082700000|  0%| F|  |TAMS 0x0000000082600000| PB 0x0000000082600000| Untracked |  0
|   3|0x0000000082700000, 0x0000000082700000, 0x0000000082800000|  0%| F|  |TAMS 0x0000000082700000| PB 0x0000000082700000| Untracked |  0
|   4|0x0000000082800000, 0x0000000082800000, 0x0000000082900000|  0%| F|  |TAMS 0x0000000082800000| PB 0x0000000082800000| Untracked |  0
|   5|0x0000000082900000, 0x0000000082900000, 0x0000000082a00000|  0%| F|  |TAMS 0x0000000082900000| PB 0x0000000082900000| Untracked |  0
|   6|0x0000000082a00000, 0x0000000082a00000, 0x0000000082b00000|  0%| F|  |TAMS 0x0000000082a00000| PB 0x0000000082a00000| Untracked |  0
|   7|0x0000000082b00000, 0x0000000082b00000, 0x0000000082c00000|  0%| F|  |TAMS 0x0000000082b00000| PB 0x0000000082b00000| Untracked |  0
|   8|0x0000000082c00000, 0x0000000082c00000, 0x0000000082d00000|  0%| F|  |TAMS 0x0000000082c00000| PB 0x0000000082c00000| Untracked |  0
|   9|0x0000000082d00000, 0x0000000082d00000, 0x0000000082e00000|  0%| F|  |TAMS 0x0000000082d00000| PB 0x0000000082d00000| Untracked |  0
|  10|0x0000000082e00000, 0x0000000082e00000, 0x0000000082f00000|  0%| F|  |TAMS 0x0000000082e00000| PB 0x0000000082e00000| Untracked |  0
|  11|0x0000000082f00000, 0x0000000082f00000, 0x0000000083000000|  0%| F|  |TAMS 0x0000000082f00000| PB 0x0000000082f00000| Untracked |  0
|  12|0x0000000083000000, 0x0000000083000000, 0x0000000083100000|  0%| F|  |TAMS 0x0000000083000000| PB 0x0000000083000000| Untracked |  0
|  13|0x0000000083100000, 0x0000000083100000, 0x0000000083200000|  0%| F|  |TAMS 0x0000000083100000| PB 0x0000000083100000| Untracked |  0
|  14|0x0000000083200000, 0x0000000083200000, 0x0000000083300000|  0%| F|  |TAMS 0x0000000083200000| PB 0x0000000083200000| Untracked |  0
|  15|0x0000000083300000, 0x0000000083300000, 0x0000000083400000|  0%| F|  |TAMS 0x0000000083300000| PB 0x0000000083300000| Untracked |  0
|  16|0x0000000083400000, 0x0000000083400000, 0x0000000083500000|  0%| F|  |TAMS 0x0000000083400000| PB 0x0000000083400000| Untracked |  0
|  17|0x0000000083500000, 0x0000000083500000, 0x0000000083600000|  0%| F|  |TAMS 0x0000000083500000| PB 0x0000000083500000| Untracked |  0
|  18|0x0000000083600000, 0x0000000083600000, 0x0000000083700000|  0%| F|  |TAMS 0x0000000083600000| PB 0x0000000083600000| Untracked |  0
|  19|0x0000000083700000, 0x0000000083700000, 0x0000000083800000|  0%| F|  |TAMS 0x0000000083700000| PB 0x0000000083700000| Untracked |  0
|  20|0x0000000083800000, 0x0000000083800000, 0x0000000083900000|  0%| F|  |TAMS 0x0000000083800000| PB 0x0000000083800000| Untracked |  0
|  21|0x0000000083900000, 0x0000000083900000, 0x0000000083a00000|  0%| F|  |TAMS 0x0000000083900000| PB 0x0000000083900000| Untracked |  0
|  22|0x0000000083a00000, 0x0000000083a00000, 0x0000000083b00000|  0%| F|  |TAMS 0x0000000083a00000| PB 0x0000000083a00000| Untracked |  0
|  23|0x0000000083b00000, 0x0000000083b00000, 0x0000000083c00000|  0%| F|  |TAMS 0x0000000083b00000| PB 0x0000000083b00000| Untracked |  0
|  24|0x0000000083c00000, 0x0000000083c00000, 0x0000000083d00000|  0%| F|  |TAMS 0x0000000083c00000| PB 0x0000000083c00000| Untracked |  0
|  25|0x0000000083d00000, 0x0000000083d00000, 0x0000000083e00000|  0%| F|  |TAMS 0x0000000083d00000| PB 0x0000000083d00000| Untracked |  0
|  26|0x0000000083e00000, 0x0000000083e00000, 0x0000000083f00000|  0%| F|  |TAMS 0x0000000083e00000| PB 0x0000000083e00000| Untracked |  0
|  27|0x0000000083f00000, 0x0000000083f00000, 0x0000000084000000|  0%| F|  |TAMS 0x0000000083f00000| PB 0x0000000083f00000| Untracked |  0
|  28|0x0000000084000000, 0x0000000084000000, 0x0000000084100000|  0%| F|  |TAMS 0x0000000084000000| PB 0x0000000084000000| Untracked |  0
|  29|0x0000000084100000, 0x0000000084100000, 0x0000000084200000|  0%| F|  |TAMS 0x0000000084100000| PB 0x0000000084100000| Untracked |  0
|  30|0x0000000084200000, 0x0000000084200000, 0x0000000084300000|  0%| F|  |TAMS 0x0000000084200000| PB 0x0000000084200000| Untracked |  0
|  31|0x0000000084300000, 0x0000000084300000, 0x0000000084400000|  0%| F|  |TAMS 0x0000000084300000| PB 0x0000000084300000| Untracked |  0
|  32|0x0000000084400000, 0x0000000084400000, 0x0000000084500000|  0%| F|  |TAMS 0x0000000084400000| PB 0x0000000084400000| Untracked |  0
|  33|0x0000000084500000, 0x0000000084500000, 0x0000000084600000|  0%| F|  |TAMS 0x0000000084500000| PB 0x0000000084500000| Untracked |  0
|  34|0x0000000084600000, 0x0000000084600000, 0x0000000084700000|  0%| F|  |TAMS 0x0000000084600000| PB 0x0000000084600000| Untracked |  0
|  35|0x0000000084700000, 0x0000000084700000, 0x0000000084800000|  0%| F|  |TAMS 0x0000000084700000| PB 0x0000000084700000| Untracked |  0
|  36|0x0000000084800000, 0x0000000084800000, 0x0000000084900000|  0%| F|  |TAMS 0x0000000084800000| PB 0x0000000084800000| Untracked |  0
|  37|0x0000000084900000, 0x0000000084900000, 0x0000000084a00000|  0%| F|  |TAMS 0x0000000084900000| PB 0x0000000084900000| Untracked |  0
|  38|0x0000000084a00000, 0x0000000084a00000, 0x0000000084b00000|  0%| F|  |TAMS 0x0000000084a00000| PB 0x0000000084a00000| Untracked |  0
|  39|0x0000000084b00000, 0x0000000084b00000, 0x0000000084c00000|  0%| F|  |TAMS 0x0000000084b00000| PB 0x0000000084b00000| Untracked |  0
|  40|0x0000000084c00000, 0x0000000084c00000, 0x0000000084d00000|  0%| F|  |TAMS 0x0000000084c00000| PB 0x0000000084c00000| Untracked |  0
|  41|0x0000000084d00000, 0x0000000084d00000, 0x0000000084e00000|  0%| F|  |TAMS 0x0000000084d00000| PB 0x0000000084d00000| Untracked |  0
|  42|0x0000000084e00000, 0x0000000084e00000, 0x0000000084f00000|  0%| F|  |TAMS 0x0000000084e00000| PB 0x0000000084e00000| Untracked |  0
|  43|0x0000000084f00000, 0x0000000084f00000, 0x0000000085000000|  0%| F|  |TAMS 0x0000000084f00000| PB 0x0000000084f00000| Untracked |  0
|  44|0x0000000085000000, 0x0000000085000000, 0x0000000085100000|  0%| F|  |TAMS 0x0000000085000000| PB 0x0000000085000000| Untracked |  0
|  45|0x0000000085100000, 0x0000000085100000, 0x0000000085200000|  0%| F|  |TAMS 0x0000000085100000| PB 0x0000000085100000| Untracked |  0
|  46|0x0000000085200000, 0x0000000085200000, 0x0000000085300000|  0%| F|  |TAMS 0x0000000085200000| PB 0x0000000085200000| Untracked |  0
|  47|0x0000000085300000, 0x0000000085300000, 0x0000000085400000|  0%| F|  |TAMS 0x0000000085300000| PB 0x0000000085300000| Untracked |  0
|  48|0x0000000085400000, 0x0000000085400000, 0x0000000085500000|  0%| F|  |TAMS 0x0000000085400000| PB 0x0000000085400000| Untracked |  0
|  49|0x0000000085500000, 0x0000000085500000, 0x0000000085600000|  0%| F|  |TAMS 0x0000000085500000| PB 0x0000000085500000| Untracked |  0
|  50|0x0000000085600000, 0x0000000085600000, 0x0000000085700000|  0%| F|  |TAMS 0x0000000085600000| PB 0x0000000085600000| Untracked |  0
|  51|0x0000000085700000, 0x0000000085700000, 0x0000000085800000|  0%| F|  |TAMS 0x0000000085700000| PB 0x0000000085700000| Untracked |  0
|  52|0x0000000085800000, 0x0000000085800000, 0x0000000085900000|  0%| F|  |TAMS 0x0000000085800000| PB 0x0000000085800000| Untracked |  0
|  53|0x0000000085900000, 0x0000000085900000, 0x0000000085a00000|  0%| F|  |TAMS 0x0000000085900000| PB 0x0000000085900000| Untracked |  0
|  54|0x0000000085a00000, 0x0000000085a00000, 0x0000000085b00000|  0%| F|  |TAMS 0x0000000085a00000| PB 0x0000000085a00000| Untracked |  0
|  55|0x0000000085b00000, 0x0000000085b00000, 0x0000000085c00000|  0%| F|  |TAMS 0x0000000085b00000| PB 0x0000000085b00000| Untracked |  0
|  56|0x0000000085c00000, 0x0000000085c00000, 0x0000000085d00000|  0%| F|  |TAMS 0x0000000085c00000| PB 0x0000000085c00000| Untracked |  0
|  57|0x0000000085d00000, 0x0000000085d00000, 0x0000000085e00000|  0%| F|  |TAMS 0x0000000085d00000| PB 0x0000000085d00000| Untracked |  0
|  58|0x0000000085e00000, 0x0000000085e00000, 0x0000000085f00000|  0%| F|  |TAMS 0x0000000085e00000| PB 0x0000000085e00000| Untracked |  0
|  59|0x0000000085f00000, 0x0000000085f00000, 0x0000000086000000|  0%| F|  |TAMS 0x0000000085f00000| PB 0x0000000085f00000| Untracked |  0
|  60|0x0000000086000000, 0x0000000086000000, 0x0000000086100000|  0%| F|  |TAMS 0x0000000086000000| PB 0x0000000086000000| Untracked |  0
|  61|0x0000000086100000, 0x0000000086100000, 0x0000000086200000|  0%| F|  |TAMS 0x0000000086100000| PB 0x0000000086100000| Untracked |  0
|  62|0x0000000086200000, 0x0000000086200000, 0x0000000086300000|  0%| F|  |TAMS 0x0000000086200000| PB 0x0000000086200000| Untracked |  0
|  63|0x0000000086300000, 0x0000000086300000, 0x0000000086400000|  0%| F|  |TAMS 0x0000000086300000| PB 0x0000000086300000| Untracked |  0
|  64|0x0000000086400000, 0x0000000086400000, 0x0000000086500000|  0%| F|  |TAMS 0x0000000086400000| PB 0x0000000086400000| Untracked |  0
|  65|0x0000000086500000, 0x0000000086500000, 0x0000000086600000|  0%| F|  |TAMS 0x0000000086500000| PB 0x0000000086500000| Untracked |  0
|  66|0x0000000086600000, 0x0000000086600000, 0x0000000086700000|  0%| F|  |TAMS 0x0000000086600000| PB 0x0000000086600000| Untracked |  0
|  67|0x0000000086700000, 0x0000000086700000, 0x0000000086800000|  0%| F|  |TAMS 0x0000000086700000| PB 0x0000000086700000| Untracked |  0
|  68|0x0000000086800000, 0x0000000086800000, 0x0000000086900000|  0%| F|  |TAMS 0x0000000086800000| PB 0x0000000086800000| Untracked |  0
|  69|0x0000000086900000, 0x0000000086900000, 0x0000000086a00000|  0%| F|  |TAMS 0x0000000086900000| PB 0x0000000086900000| Untracked |  0
|  70|0x0000000086a00000, 0x0000000086a00000, 0x0000000086b00000|  0%| F|  |TAMS 0x0000000086a00000| PB 0x0000000086a00000| Untracked |  0
|  71|0x0000000086b00000, 0x0000000086b00000, 0x0000000086c00000|  0%| F|  |TAMS 0x0000000086b00000| PB 0x0000000086b00000| Untracked |  0
|  72|0x0000000086c00000, 0x0000000086c00000, 0x0000000086d00000|  0%| F|  |TAMS 0x0000000086c00000| PB 0x0000000086c00000| Untracked |  0
|  73|0x0000000086d00000, 0x0000000086d00000, 0x0000000086e00000|  0%| F|  |TAMS 0x0000000086d00000| PB 0x0000000086d00000| Untracked |  0
|  74|0x0000000086e00000, 0x0000000086e00000, 0x0000000086f00000|  0%| F|  |TAMS 0x0000000086e00000| PB 0x0000000086e00000| Untracked |  0
|  75|0x0000000086f00000, 0x0000000086f00000, 0x0000000087000000|  0%| F|  |TAMS 0x0000000086f00000| PB 0x0000000086f00000| Untracked |  0
|  76|0x0000000087000000, 0x0000000087000000, 0x0000000087100000|  0%| F|  |TAMS 0x0000000087000000| PB 0x0000000087000000| Untracked |  0
|  77|0x0000000087100000, 0x0000000087100000, 0x0000000087200000|  0%| F|  |TAMS 0x0000000087100000| PB 0x0000000087100000| Untracked |  0
|  78|0x0000000087200000, 0x0000000087200000, 0x0000000087300000|  0%| F|  |TAMS 0x0000000087200000| PB 0x0000000087200000| Untracked |  0
|  79|0x0000000087300000, 0x0000000087300000, 0x0000000087400000|  0%| F|  |TAMS 0x0000000087300000| PB 0x0000000087300000| Untracked |  0
|  80|0x0000000087400000, 0x0000000087400000, 0x0000000087500000|  0%| F|  |TAMS 0x0000000087400000| PB 0x0000000087400000| Untracked |  0
|  81|0x0000000087500000, 0x0000000087500000, 0x0000000087600000|  0%| F|  |TAMS 0x0000000087500000| PB 0x0000000087500000| Untracked |  0
|  82|0x0000000087600000, 0x0000000087600000, 0x0000000087700000|  0%| F|  |TAMS 0x0000000087600000| PB 0x0000000087600000| Untracked |  0
|  83|0x0000000087700000, 0x0000000087700000, 0x0000000087800000|  0%| F|  |TAMS 0x0000000087700000| PB 0x0000000087700000| Untracked |  0
|  84|0x0000000087800000, 0x0000000087800000, 0x0000000087900000|  0%| F|  |TAMS 0x0000000087800000| PB 0x0000000087800000| Untracked |  0
|  85|0x0000000087900000, 0x0000000087900000, 0x0000000087a00000|  0%| F|  |TAMS 0x0000000087900000| PB 0x0000000087900000| Untracked |  0
|  86|0x0000000087a00000, 0x0000000087a00000, 0x0000000087b00000|  0%| F|  |TAMS 0x0000000087a00000| PB 0x0000000087a00000| Untracked |  0
|  87|0x0000000087b00000, 0x0000000087b00000, 0x0000000087c00000|  0%| F|  |TAMS 0x0000000087b00000| PB 0x0000000087b00000| Untracked |  0
|  88|0x0000000087c00000, 0x0000000087c00000, 0x0000000087d00000|  0%| F|  |TAMS 0x0000000087c00000| PB 0x0000000087c00000| Untracked |  0
|  89|0x0000000087d00000, 0x0000000087d00000, 0x0000000087e00000|  0%| F|  |TAMS 0x0000000087d00000| PB 0x0000000087d00000| Untracked |  0
|  90|0x0000000087e00000, 0x0000000087e00000, 0x0000000087f00000|  0%| F|  |TAMS 0x0000000087e00000| PB 0x0000000087e00000| Untracked |  0
|  91|0x0000000087f00000, 0x0000000087f00000, 0x0000000088000000|  0%| F|  |TAMS 0x0000000087f00000| PB 0x0000000087f00000| Untracked |  0
|  92|0x0000000088000000, 0x0000000088000000, 0x0000000088100000|  0%| F|  |TAMS 0x0000000088000000| PB 0x0000000088000000| Untracked |  0
|  93|0x0000000088100000, 0x0000000088100000, 0x0000000088200000|  0%| F|  |TAMS 0x0000000088100000| PB 0x0000000088100000| Untracked |  0
|  94|0x0000000088200000, 0x0000000088200000, 0x0000000088300000|  0%| F|  |TAMS 0x0000000088200000| PB 0x0000000088200000| Untracked |  0
|  95|0x0000000088300000, 0x0000000088300000, 0x0000000088400000|  0%| F|  |TAMS 0x0000000088300000| PB 0x0000000088300000| Untracked |  0
|  96|0x0000000088400000, 0x0000000088400000, 0x0000000088500000|  0%| F|  |TAMS 0x0000000088400000| PB 0x0000000088400000| Untracked |  0
|  97|0x0000000088500000, 0x0000000088500000, 0x0000000088600000|  0%| F|  |TAMS 0x0000000088500000| PB 0x0000000088500000| Untracked |  0
|  98|0x0000000088600000, 0x0000000088600000, 0x0000000088700000|  0%| F|  |TAMS 0x0000000088600000| PB 0x0000000088600000| Untracked |  0
|  99|0x0000000088700000, 0x0000000088700000, 0x0000000088800000|  0%| F|  |TAMS 0x0000000088700000| PB 0x0000000088700000| Untracked |  0
| 100|0x0000000088800000, 0x0000000088800000, 0x0000000088900000|  0%| F|  |TAMS 0x0000000088800000| PB 0x0000000088800000| Untracked |  0
| 101|0x0000000088900000, 0x0000000088900000, 0x0000000088a00000|  0%| F|  |TAMS 0x0000000088900000| PB 0x0000000088900000| Untracked |  0
| 102|0x0000000088a00000, 0x0000000088a00000, 0x0000000088b00000|  0%| F|  |TAMS 0x0000000088a00000| PB 0x0000000088a00000| Untracked |  0
| 103|0x0000000088b00000, 0x0000000088b00000, 0x0000000088c00000|  0%| F|  |TAMS 0x0000000088b00000| PB 0x0000000088b00000| Untracked |  0
| 104|0x0000000088c00000, 0x0000000088c00000, 0x0000000088d00000|  0%| F|  |TAMS 0x0000000088c00000| PB 0x0000000088c00000| Untracked |  0
| 105|0x0000000088d00000, 0x0000000088d00000, 0x0000000088e00000|  0%| F|  |TAMS 0x0000000088d00000| PB 0x0000000088d00000| Untracked |  0
| 106|0x0000000088e00000, 0x0000000088e00000, 0x0000000088f00000|  0%| F|  |TAMS 0x0000000088e00000| PB 0x0000000088e00000| Untracked |  0
| 107|0x0000000088f00000, 0x0000000088f00000, 0x0000000089000000|  0%| F|  |TAMS 0x0000000088f00000| PB 0x0000000088f00000| Untracked |  0
| 108|0x0000000089000000, 0x0000000089000000, 0x0000000089100000|  0%| F|  |TAMS 0x0000000089000000| PB 0x0000000089000000| Untracked |  0
| 109|0x0000000089100000, 0x0000000089100000, 0x0000000089200000|  0%| F|  |TAMS 0x0000000089100000| PB 0x0000000089100000| Untracked |  0
| 110|0x0000000089200000, 0x0000000089200000, 0x0000000089300000|  0%| F|  |TAMS 0x0000000089200000| PB 0x0000000089200000| Untracked |  0
| 111|0x0000000089300000, 0x0000000089300000, 0x0000000089400000|  0%| F|  |TAMS 0x0000000089300000| PB 0x0000000089300000| Untracked |  0
| 112|0x0000000089400000, 0x0000000089400000, 0x0000000089500000|  0%| F|  |TAMS 0x0000000089400000| PB 0x0000000089400000| Untracked |  0
| 113|0x0000000089500000, 0x0000000089500000, 0x0000000089600000|  0%| F|  |TAMS 0x0000000089500000| PB 0x0000000089500000| Untracked |  0
| 114|0x0000000089600000, 0x0000000089700000, 0x0000000089700000|100%| E|  |TAMS 0x0000000089600000| PB 0x0000000089600000| Complete |  0
| 115|0x0000000089700000, 0x0000000089800000, 0x0000000089800000|100%| E|CS|TAMS 0x0000000089700000| PB 0x0000000089700000| Complete |  0
| 116|0x0000000089800000, 0x0000000089900000, 0x0000000089900000|100%| E|CS|TAMS 0x0000000089800000| PB 0x0000000089800000| Complete |  0
| 117|0x0000000089900000, 0x0000000089a00000, 0x0000000089a00000|100%| E|CS|TAMS 0x0000000089900000| PB 0x0000000089900000| Complete |  0
| 118|0x0000000089a00000, 0x0000000089b00000, 0x0000000089b00000|100%| E|CS|TAMS 0x0000000089a00000| PB 0x0000000089a00000| Complete |  0
| 119|0x0000000089b00000, 0x0000000089c00000, 0x0000000089c00000|100%| E|CS|TAMS 0x0000000089b00000| PB 0x0000000089b00000| Complete |  0
| 120|0x0000000089c00000, 0x0000000089d00000, 0x0000000089d00000|100%| E|CS|TAMS 0x0000000089c00000| PB 0x0000000089c00000| Complete |  0
| 121|0x0000000089d00000, 0x0000000089e00000, 0x0000000089e00000|100%| E|CS|TAMS 0x0000000089d00000| PB 0x0000000089d00000| Complete |  0
| 122|0x0000000089e00000, 0x0000000089f00000, 0x0000000089f00000|100%| E|CS|TAMS 0x0000000089e00000| PB 0x0000000089e00000| Complete |  0
| 123|0x0000000089f00000, 0x000000008a000000, 0x000000008a000000|100%| E|CS|TAMS 0x0000000089f00000| PB 0x0000000089f00000| Complete |  0
| 124|0x000000008a000000, 0x000000008a100000, 0x000000008a100000|100%| E|CS|TAMS 0x000000008a000000| PB 0x000000008a000000| Complete |  0
| 125|0x000000008a100000, 0x000000008a200000, 0x000000008a200000|100%| E|CS|TAMS 0x000000008a100000| PB 0x000000008a100000| Complete |  0
|2009|0x00000000ffd00000, 0x00000000ffe00000, 0x00000000ffe00000|100%| O|  |TAMS 0x00000000ffd00000| PB 0x00000000ffd00000| Untracked |  0
|2010|0x00000000ffe00000, 0x00000000fff00000, 0x00000000fff00000|100%| O|  |TAMS 0x00000000ffe00000| PB 0x00000000ffe00000| Untracked |  0
|2011|0x00000000fff00000, 0x00000000fff41038, 0x0000000100000000| 25%| O|  |TAMS 0x00000000fff00000| PB 0x00000000fff00000| Untracked |  0

Card table byte_map: [0x00000162e9ce0000,0x00000162ea0d0000] _byte_map_base: 0x00000162e98ce000

Marking Bits: (CMBitMap*) 0x00000162d5fe8c70
 Bits: [0x00000162ea0d0000, 0x00000162ec040000)

Polling page: 0x00000162d3da0000

Metaspace:
Metaspace        used 2707K, committed 2880K, reserved 1114112K
 class space     used 296K, committed 384K, reserved 1048576K

Usage:
  Non-class:      2.35 MB used.
      Class:    296.74 KB used.
       Both:      2.64 MB used.

Virtual space:
  Non-class space:       64.00 MB reserved,       2.44 MB (  4%) committed,  1 nodes.
      Class space:        1.00 GB reserved,     384.00 KB ( <1%) committed,  1 nodes.
             Both:        1.06 GB reserved,       2.81 MB ( <1%) committed. 

Chunk freelists:
   Non-Class:  10.81 MB
       Class:  15.54 MB
        Both:  26.35 MB

MaxMetaspaceSize: unlimited
CompressedClassSpaceSize: 1.00 GB
Initial GC threshold: 21.00 MB
Current GC threshold: 21.00 MB
CDS: on
 - commit_granule_bytes: 65536.
 - commit_granule_words: 8192.
 - virtual_space_node_default_size: 8388608.
 - enlarge_chunks_in_place: 1.
UseCompressedClassPointers 1, UseCompactObjectHeaders 0
Narrow klass pointer bits 32, Max shift 3
Narrow klass base: 0x000000000e000000, Narrow klass shift: 0
Encoding Range: [0x000000000e000000 - 0x000000010e000000), (4294967296 bytes)
Klass Range:    [0x000000000e010000 - 0x0000000050000000), (1107230720 bytes)
Klass ID Range:  [65536 - 1107296249) (1107230713)
Protection zone: [0x000000000e000000 - 0x000000000e010000), (65536 bytes)


Internal statistics:

num_allocs_failed_limit: 0.
num_arena_births: 72.
num_arena_deaths: 0.
num_vsnodes_births: 2.
num_vsnodes_deaths: 0.
num_space_committed: 45.
num_space_uncommitted: 0.
num_chunks_returned_to_freelist: 0.
num_chunks_taken_from_freelist: 163.
num_chunk_merges: 0.
num_chunk_splits: 99.
num_chunks_enlarged: 62.
num_inconsistent_stats: 0.

CodeHeap 'non-profiled nmethods': size=120064Kb used=279Kb max_used=279Kb free=119784Kb
 bounds [0x00000162e1e50000, 0x00000162e20c0000, 0x00000162e9390000]
CodeHeap 'profiled nmethods': size=120000Kb used=1265Kb max_used=1265Kb free=118734Kb
 bounds [0x00000162da390000, 0x00000162da600000, 0x00000162e18c0000]
CodeHeap 'non-nmethods': size=5696Kb used=1403Kb max_used=1421Kb free=4292Kb
 bounds [0x00000162e18c0000, 0x00000162e1b30000, 0x00000162e1e50000]
CodeCache: size=245760Kb, used=2947Kb, max_used=2965Kb, free=242810Kb
 total_blobs=1508, nmethods=987, adapters=424, full_count=0
Compilation: enabled, stopped_count=0, restarted_count=0

Compilation events (20 events):
Event: 0.463 Thread 0x00000162ee43ebf0 nmethod 860 0x00000162da49a108 code [0x00000162da49a200, 0x00000162da49a310]
Event: 0.463 Thread 0x00000162ee43ebf0  861       3       jdk.internal.classfile.impl.Util::writeAttribute (67 bytes)
Event: 0.463 Thread 0x00000162ee43ebf0 nmethod 861 0x00000162da49a408 code [0x00000162da49a500, 0x00000162da49ab68]
Event: 0.463 Thread 0x00000162ee43ebf0  863       3       jdk.internal.classfile.impl.SplitConstantPool::nameAndTypeEntry (60 bytes)
Event: 0.463 Thread 0x00000162ee43ebf0 nmethod 863 0x00000162da49ab88 code [0x00000162da49ac80, 0x00000162da49b358]
Event: 0.463 Thread 0x00000162ee43ebf0  862       3       java.lang.invoke.MemberName::<init> (50 bytes)
Event: 0.463 Thread 0x00000162ee43ebf0 nmethod 862 0x00000162da49b388 code [0x00000162da49b480, 0x00000162da49b888]
Event: 0.466 Thread 0x00000162ee43ebf0  865       3       jdk.internal.jimage.ImageLocation::verifyName (161 bytes)
Event: 0.469 Thread 0x00000162ee43ebf0 nmethod 865 0x00000162da49b908 code [0x00000162da49ba00, 0x00000162da49d1c0]
Event: 0.469 Thread 0x00000162ee43ebf0  866   !   3       java.util.concurrent.ConcurrentHashMap::computeIfAbsent (576 bytes)
Event: 0.471 Thread 0x00000162ee43ebf0 nmethod 866 0x00000162da49d208 code [0x00000162da49d300, 0x00000162da49f658]
Event: 0.471 Thread 0x00000162ee43ebf0  868       3       jdk.internal.classfile.impl.StackMapGenerator$Frame::<init> (75 bytes)
Event: 0.472 Thread 0x00000162ee43ebf0 nmethod 868 0x00000162da49f688 code [0x00000162da49f780, 0x00000162da49fbf0]
Event: 0.472 Thread 0x00000162ee43ebf0  869       3       jdk.internal.loader.ClassLoaders::platformClassLoader (4 bytes)
Event: 0.472 Thread 0x00000162ee43ebf0 nmethod 869 0x00000162da49fc08 code [0x00000162da49fd00, 0x00000162da49fdf0]
Event: 0.473 Thread 0x00000162ee43ebf0  871       3       jdk.internal.classfile.impl.DirectCodeBuilder::setLabelTarget (47 bytes)
Event: 0.474 Thread 0x00000162ee43ebf0 nmethod 871 0x00000162da49ff08 code [0x00000162da4a0000, 0x00000162da4a0520]
Event: 0.474 Thread 0x00000162ee43ebf0  872       3       jdk.internal.classfile.impl.DirectCodeBuilder::loadLocal (126 bytes)
Event: 1.475 Thread 0x00000162ee43ebf0 nmethod 872 0x00000162da4a0588 code [0x00000162da4a0680, 0x00000162da4a16b0]
Event: 1.475 Thread 0x00000162ee43ebf0  873       3       jdk.internal.classfile.impl.UnboundAttribute$AdHocAttribute::<init> (6 bytes)

GC Heap Usage History (0 events):
No events

Metaspace Usage History (0 events):
No events

Dll operation events (2 events):
Event: 0.019 Loaded shared library D:\IntelliJ IDEA 2026.1.1\jbr\bin\java.dll
Event: 0.141 Loaded shared library D:\IntelliJ IDEA 2026.1.1\jbr\bin\zip.dll

Deoptimization events (6 events):
Event: 0.199 Thread 0x00000162d3ad2030 DEOPT PACKING pc=0x00000162da3a822b sp=0x0000004d027fe050
Event: 0.200 Thread 0x00000162d3ad2030 DEOPT UNPACKING pc=0x00000162e1911702 sp=0x0000004d027fd4e8 mode 0
Event: 0.214 Thread 0x00000162d3ad2030 Uncommon trap: trap_request=0xffffff45 fr.pc=0x00000162e1e69278 relative=0x0000000000000078
Event: 0.214 Thread 0x00000162d3ad2030 Uncommon trap: reason=unstable_if action=reinterpret pc=0x00000162e1e69278 method=jdk.internal.misc.Unsafe.convEndian(ZI)I @ 4 c2
Event: 0.214 Thread 0x00000162d3ad2030 DEOPT PACKING pc=0x00000162e1e69278 sp=0x0000004d027fdea0
Event: 0.214 Thread 0x00000162d3ad2030 DEOPT UNPACKING pc=0x00000162e19dfc82 sp=0x0000004d027fddd0 mode 2

Classes loaded (20 events):
Event: 0.354 Loading class jdk/net/WindowsSocketOptions
Event: 0.354 Loading class jdk/net/WindowsSocketOptions done
Event: 0.357 Loading class jdk/net/ExtendedSocketOptions$1
Event: 0.357 Loading class jdk/net/ExtendedSocketOptions$1 done
Event: 0.359 Loading class jdk/internal/event/SocketWriteEvent
Event: 0.359 Loading class jdk/internal/event/SocketWriteEvent done
Event: 0.360 Loading class jdk/internal/event/SocketReadEvent
Event: 0.360 Loading class jdk/internal/event/SocketReadEvent done
Event: 0.360 Loading class java/nio/BufferMismatch
Event: 0.360 Loading class java/nio/BufferMismatch done
Event: 0.360 Loading class sun/nio/ch/SourceChannelImpl
Event: 0.360 Loading class java/nio/channels/Pipe$SourceChannel
Event: 0.360 Loading class java/nio/channels/Pipe$SourceChannel done
Event: 0.360 Loading class sun/nio/ch/SourceChannelImpl done
Event: 0.360 Loading class sun/nio/ch/SinkChannelImpl
Event: 0.360 Loading class java/nio/channels/Pipe$SinkChannel
Event: 0.360 Loading class java/nio/channels/Pipe$SinkChannel done
Event: 0.361 Loading class sun/nio/ch/SinkChannelImpl done
Event: 0.377 Loading class sun/net/spi/DefaultProxySelector$NonProxyInfo
Event: 0.377 Loading class sun/net/spi/DefaultProxySelector$NonProxyInfo done

Classes unloaded (0 events):
No events

Classes redefined (0 events):
No events

Internal exceptions (14 events):
Event: 0.157 Thread 0x00000162d3ad2030 Exception <a 'sun/nio/fs/WindowsException'{0x0000000089fe5ce8}> (0x0000000089fe5ce8) 
thrown [s\src\hotspot\share\prims\jni.cpp, line 535]
Event: 0.209 Thread 0x00000162d3ad2030 Exception <a 'java/lang/NoSuchMethodError'{0x0000000089d62518}: 'java.lang.Object java.lang.invoke.DirectMethodHandle$Holder.invokeStaticInit(java.lang.Object, java.lang.Object, int, int, int, int)'> (0x0000000089d62518) 
thrown [s\src\hotspot\share\interpreter\linkResolver.cpp, line 815]
Event: 0.238 Thread 0x00000162d3ad2030 Exception <a 'java/lang/NoSuchMethodError'{0x0000000089def3e0}: 'int java.lang.invoke.DirectMethodHandle$Holder.invokeSpecialIFC(java.lang.Object, java.lang.Object, java.lang.Object)'> (0x0000000089def3e0) 
thrown [s\src\hotspot\share\interpreter\linkResolver.cpp, line 815]
Event: 0.278 Thread 0x00000162d3ad2030 Exception <a 'java/lang/NoSuchMethodError'{0x0000000089ce81c0}: 'long java.lang.invoke.DirectMethodHandle$Holder.invokeSpecial(java.lang.Object, java.lang.Object)'> (0x0000000089ce81c0) 
thrown [s\src\hotspot\share\interpreter\linkResolver.cpp, line 815]
Event: 0.282 Thread 0x00000162d3ad2030 Exception <a 'java/lang/NoSuchMethodError'{0x0000000089cff0d0}: 'int java.lang.invoke.DirectMethodHandle$Holder.invokeStatic(java.lang.Object, java.lang.Object, java.lang.Object, java.lang.Object)'> (0x0000000089cff0d0) 
thrown [s\src\hotspot\share\interpreter\linkResolver.cpp, line 815]
Event: 0.372 Thread 0x00000162d3ad2030 Exception <a 'java/lang/NoSuchMethodError'{0x0000000089a49968}: 'java.lang.Object java.lang.invoke.DirectMethodHandle$Holder.newInvokeSpecial(java.lang.Object, java.lang.Object, java.lang.Object, java.lang.Object, java.lang.Object)'> (0x0000000089a49968) 
thrown [s\src\hotspot\share\interpreter\linkResolver.cpp, line 815]
Event: 0.419 Thread 0x00000162d3ad2030 Exception <a 'java/lang/NoSuchMethodError'{0x00000000899abea0}: 'java.lang.Object java.lang.invoke.DirectMethodHandle$Holder.invokeSpecial(java.lang.Object, java.lang.Object, java.lang.Object, java.lang.Object, java.lang.Object, int)'> (0x00000000899abea0) 
thrown [s\src\hotspot\share\interpreter\linkResolver.cpp, line 815]
Event: 0.422 Thread 0x00000162d3ad2030 Exception <a 'java/lang/NoSuchMethodError'{0x00000000899bc6e8}: 'java.lang.Object java.lang.invoke.Invokers$Holder.linkToTargetMethod(java.lang.Object, java.lang.Object, int, java.lang.Object)'> (0x00000000899bc6e8) 
thrown [s\src\hotspot\share\interpreter\linkResolver.cpp, line 815]
Event: 0.430 Thread 0x00000162d3ad2030 Exception <a 'java/lang/NoSuchMethodError'{0x00000000899de6c8}: 'void java.lang.invoke.DirectMethodHandle$Holder.invokeSpecial(java.lang.Object, java.lang.Object, java.lang.Object)'> (0x00000000899de6c8) 
thrown [s\src\hotspot\share\interpreter\linkResolver.cpp, line 815]
Event: 0.449 Thread 0x00000162f384fbd0 Exception <a 'java/lang/NoSuchMethodError'{0x0000000089a903d8}: 'int java.lang.invoke.DirectMethodHandle$Holder.invokeStatic(java.lang.Object, int, java.lang.Object)'> (0x0000000089a903d8) 
thrown [s\src\hotspot\share\interpreter\linkResolver.cpp, line 815]
Event: 0.451 Thread 0x00000162f384fbd0 Exception <a 'java/lang/NoSuchMethodError'{0x0000000089aa78e0}: 'void java.lang.invoke.DirectMethodHandle$Holder.invokeStatic(java.lang.Object, java.lang.Object, int)'> (0x0000000089aa78e0) 
thrown [s\src\hotspot\share\interpreter\linkResolver.cpp, line 815]
Event: 0.452 Thread 0x00000162f384fbd0 Exception <a 'java/lang/NoSuchMethodError'{0x0000000089ab6c00}: 'java.lang.Object java.lang.invoke.DirectMethodHandle$Holder.newInvokeSpecial(java.lang.Object, java.lang.Object, int)'> (0x0000000089ab6c00) 
thrown [s\src\hotspot\share\interpreter\linkResolver.cpp, line 815]
Event: 0.457 Thread 0x00000162d3ad2030 Exception <a 'java/lang/NoSuchMethodError'{0x00000000898a4e40}: 'void java.lang.invoke.DirectMethodHandle$Holder.invokeSpecial(java.lang.Object, java.lang.Object, java.lang.Object, java.lang.Object, java.lang.Object)'> (0x00000000898a4e40) 
thrown [s\src\hotspot\share\interpreter\linkResolver.cpp, line 815]
Event: 0.461 Thread 0x00000162f3bb3790 Exception <a 'java/lang/NoSuchMethodError'{0x000000008970db08}: 'void java.lang.invoke.DirectMethodHandle$Holder.invokeInterface(java.lang.Object, java.lang.Object, java.lang.Object)'> (0x000000008970db08) 
thrown [s\src\hotspot\share\interpreter\linkResolver.cpp, line 815]

VM Operations (2 events):
Event: 0.190 Executing non-safepoint VM operation: HandshakeAllThreads (Deoptimize)
Event: 0.190 Executing non-safepoint VM operation: HandshakeAllThreads (Deoptimize) done

Memory protections (0 events):
No events

Nmethod flushes (0 events):
No events

Events (19 events):
Event: 0.062 Thread 0x00000162d3ad2030 Thread added: 0x00000162d3ad2030
Event: 0.077 Thread 0x00000162d3ad2030 Thread added: 0x00000162ee40f7c0
Event: 0.079 Thread 0x00000162d3ad2030 Thread added: 0x00000162ee411f80
Event: 0.079 Thread 0x00000162d3ad2030 Thread added: 0x00000162ee412de0
Event: 0.079 Thread 0x00000162d3ad2030 Thread added: 0x00000162ee4175c0
Event: 0.079 Thread 0x00000162d3ad2030 Thread added: 0x00000162ee4183e0
Event: 0.079 Thread 0x00000162d3ad2030 Thread added: 0x00000162ee419be0
Event: 0.079 Thread 0x00000162d3ad2030 Thread added: 0x00000162ee41b920
Event: 0.079 Thread 0x00000162d3ad2030 Thread added: 0x00000162ee42aae0
Event: 0.079 Thread 0x00000162d3ad2030 Thread added: 0x00000162ee43ebf0
Event: 0.087 Thread 0x00000162d3ad2030 Thread added: 0x00000162f3085870
Event: 0.091 Loaded shared library D:\IntelliJ IDEA 2026.1.1\jbr\bin\net.dll
Event: 0.094 Loaded shared library D:\IntelliJ IDEA 2026.1.1\jbr\bin\nio.dll
Event: 0.097 Loaded shared library D:\IntelliJ IDEA 2026.1.1\jbr\bin\zip.dll
Event: 0.161 Loaded shared library D:\IntelliJ IDEA 2026.1.1\jbr\bin\jimage.dll
Event: 0.309 Loaded shared library D:\IntelliJ IDEA 2026.1.1\jbr\bin\sunmscapi.dll
Event: 0.356 Loaded shared library D:\IntelliJ IDEA 2026.1.1\jbr\bin\extnet.dll
Event: 0.365 Thread 0x00000162d3ad2030 Thread added: 0x00000162f384fbd0
Event: 0.458 Thread 0x00000162f384fbd0 Thread added: 0x00000162f3bb3790


Dynamic libraries:
0x00007ff73f050000 - 0x00007ff73f05a000 	D:\IntelliJ IDEA 2026.1.1\jbr\bin\java.exe
0x00007ffa0d4a0000 - 0x00007ffa0d706000 	C:\WINDOWS\SYSTEM32\ntdll.dll
0x00007ffa0c7c0000 - 0x00007ffa0c889000 	C:\WINDOWS\System32\KERNEL32.DLL
0x00007ffa0ab70000 - 0x00007ffa0af6a000 	C:\WINDOWS\System32\KERNELBASE.dll
0x00007ffa0aa20000 - 0x00007ffa0ab6c000 	C:\WINDOWS\System32\ucrtbase.dll
0x00007ffa041b0000 - 0x00007ffa041ce000 	D:\IntelliJ IDEA 2026.1.1\jbr\bin\VCRUNTIME140.dll
0x00007ff9fe270000 - 0x00007ff9fe287000 	D:\IntelliJ IDEA 2026.1.1\jbr\bin\jli.dll
0x00007ffa0cd30000 - 0x00007ffa0cef7000 	C:\WINDOWS\System32\USER32.dll
0x00007ff9ed9a0000 - 0x00007ff9edc32000 	C:\WINDOWS\WinSxS\amd64_microsoft.windows.common-controls_6595b64144ccf1df_6.0.26100.8521_none_3e08b75ce33403b3\COMCTL32.dll
0x00007ffa0af70000 - 0x00007ffa0af97000 	C:\WINDOWS\System32\win32u.dll
0x00007ffa0b7e0000 - 0x00007ffa0b889000 	C:\WINDOWS\System32\msvcrt.dll
0x00007ffa0b710000 - 0x00007ffa0b73b000 	C:\WINDOWS\System32\GDI32.dll
0x00007ffa0b0e0000 - 0x00007ffa0b20b000 	C:\WINDOWS\System32\gdi32full.dll
0x00007ffa0b030000 - 0x00007ffa0b0d3000 	C:\WINDOWS\System32\msvcp_win.dll
0x00007ffa0b750000 - 0x00007ffa0b782000 	C:\WINDOWS\System32\IMM32.DLL
0x00007ffa04760000 - 0x00007ffa0476c000 	D:\IntelliJ IDEA 2026.1.1\jbr\bin\vcruntime140_1.dll
0x00007ff9af030000 - 0x00007ff9af0b9000 	D:\IntelliJ IDEA 2026.1.1\jbr\bin\msvcp140.dll
0x00007ff945710000 - 0x00007ff946662000 	D:\IntelliJ IDEA 2026.1.1\jbr\bin\server\jvm.dll
0x00007ffa0d280000 - 0x00007ffa0d336000 	C:\WINDOWS\System32\ADVAPI32.dll
0x00007ffa0d1d0000 - 0x00007ffa0d27a000 	C:\WINDOWS\System32\sechost.dll
0x00007ffa0d340000 - 0x00007ffa0d458000 	C:\WINDOWS\System32\RPCRT4.dll
0x00007ffa0c730000 - 0x00007ffa0c7b0000 	C:\WINDOWS\System32\WS2_32.dll
0x00007ff9fb420000 - 0x00007ff9fb456000 	C:\WINDOWS\SYSTEM32\WINMM.dll
0x00007ff9fd750000 - 0x00007ff9fd75b000 	C:\WINDOWS\SYSTEM32\VERSION.dll
0x00007ffa0a590000 - 0x00007ffa0a5ee000 	C:\WINDOWS\SYSTEM32\POWRPROF.dll
0x00007ffa0a570000 - 0x00007ffa0a584000 	C:\WINDOWS\SYSTEM32\UMPDC.dll
0x00007ffa09480000 - 0x00007ffa0949b000 	C:\WINDOWS\SYSTEM32\kernel.appcore.dll
0x00007ffa04670000 - 0x00007ffa0467a000 	D:\IntelliJ IDEA 2026.1.1\jbr\bin\jimage.dll
0x00007ffa07680000 - 0x00007ffa078c2000 	C:\WINDOWS\SYSTEM32\DBGHELP.DLL
0x00007ffa0c920000 - 0x00007ffa0cca3000 	C:\WINDOWS\System32\combase.dll
0x00007ffa0c020000 - 0x00007ffa0c0f9000 	C:\WINDOWS\System32\OLEAUT32.dll
0x00007ffa040e0000 - 0x00007ffa0411b000 	C:\WINDOWS\SYSTEM32\dbgcore.DLL
0x00007ffa0a8b0000 - 0x00007ffa0a958000 	C:\WINDOWS\System32\bcryptPrimitives.dll
0x00007ffa04160000 - 0x00007ffa0417f000 	D:\IntelliJ IDEA 2026.1.1\jbr\bin\java.dll
0x00007ffa0b310000 - 0x00007ffa0b4a8000 	C:\WINDOWS\System32\ole32.dll
0x00007ffa0b890000 - 0x00007ffa0c014000 	C:\WINDOWS\System32\SHELL32.dll
0x00007ffa082e0000 - 0x00007ffa08b60000 	C:\WINDOWS\SYSTEM32\windows.storage.dll
0x00007ffa0b210000 - 0x00007ffa0b306000 	C:\WINDOWS\System32\SHCORE.dll
0x00007ffa0b4b0000 - 0x00007ffa0b517000 	C:\WINDOWS\System32\shlwapi.dll
0x00007ffa0a650000 - 0x00007ffa0a679000 	C:\WINDOWS\SYSTEM32\profapi.dll
0x00007ffa02400000 - 0x00007ffa02412000 	D:\IntelliJ IDEA 2026.1.1\jbr\bin\net.dll
0x00007ffa099d0000 - 0x00007ffa09a3c000 	C:\WINDOWS\system32\mswsock.dll
0x00007ff9f8750000 - 0x00007ff9f8766000 	D:\IntelliJ IDEA 2026.1.1\jbr\bin\nio.dll
0x00007ffa02450000 - 0x00007ffa02467000 	D:\IntelliJ IDEA 2026.1.1\jbr\bin\zip.dll
0x00007ffa09dd0000 - 0x00007ffa09deb000 	C:\WINDOWS\SYSTEM32\CRYPTSP.dll
0x00007ffa093e0000 - 0x00007ffa09419000 	C:\WINDOWS\system32\rsaenh.dll
0x00007ffa09a80000 - 0x00007ffa09ab3000 	C:\WINDOWS\SYSTEM32\USERENV.dll
0x00007ffa0a620000 - 0x00007ffa0a64a000 	C:\WINDOWS\SYSTEM32\bcrypt.dll
0x00007ffa09c30000 - 0x00007ffa09c3c000 	C:\WINDOWS\SYSTEM32\CRYPTBASE.dll
0x00007ffa08e70000 - 0x00007ffa08ea3000 	C:\WINDOWS\SYSTEM32\IPHLPAPI.DLL
0x00007ffa0b740000 - 0x00007ffa0b74a000 	C:\WINDOWS\System32\NSI.dll
0x00007ffa041a0000 - 0x00007ffa041ae000 	D:\IntelliJ IDEA 2026.1.1\jbr\bin\sunmscapi.dll
0x00007ffa0a730000 - 0x00007ffa0a8a8000 	C:\WINDOWS\System32\CRYPT32.dll
0x00007ffa09f30000 - 0x00007ffa09f60000 	C:\WINDOWS\SYSTEM32\ncrypt.dll
0x00007ffa09ee0000 - 0x00007ffa09f1f000 	C:\WINDOWS\SYSTEM32\NTASN1.dll
0x00007ff9b70a0000 - 0x00007ff9b70a8000 	C:\WINDOWS\system32\wshunix.dll
0x00007ff9f86e0000 - 0x00007ff9f86e9000 	D:\IntelliJ IDEA 2026.1.1\jbr\bin\extnet.dll

JVMTI agents: none

dbghelp: loaded successfully - version: 4.0.5 - missing functions: none
symbol engine: initialized successfully - sym options: 0x614 - pdb path: .;D:\IntelliJ IDEA 2026.1.1\jbr\bin;C:\WINDOWS\SYSTEM32;C:\WINDOWS\WinSxS\amd64_microsoft.windows.common-controls_6595b64144ccf1df_6.0.26100.8521_none_3e08b75ce33403b3;D:\IntelliJ IDEA 2026.1.1\jbr\bin\server

VM Arguments:
java_command: git4idea.http.GitAskPassApp Username for 'https://github.com': 
java_class_path (initial): D:/IntelliJ IDEA 2026.1.1/plugins/vcs-git/lib/git4idea-rt.jar;D:/IntelliJ IDEA 2026.1.1/lib/externalProcess-rt.jar
Launcher Type: SUN_STANDARD

[Global flags]
     intx CICompilerCount                          = 4                                         {product} {ergonomic}
     uint ConcGCThreads                            = 3                                         {product} {ergonomic}
     uint G1ConcRefinementThreads                  = 10                                        {product} {ergonomic}
   size_t G1HeapRegionSize                         = 1048576                                   {product} {ergonomic}
   size_t InitialHeapSize                          = 132120576                                 {product} {ergonomic}
   size_t MarkStackSize                            = 4194304                                   {product} {ergonomic}
   size_t MarkStackSizeMax                         = 536870912                                 {product} {ergonomic}
   size_t MaxHeapSize                              = 2109734912                                {product} {ergonomic}
   size_t MaxNewSize                               = 1265631232                                {product} {ergonomic}
   size_t MinHeapDeltaBytes                        = 1048576                                   {product} {ergonomic}
   size_t MinHeapSize                              = 8388608                                   {product} {ergonomic}
    uintx NonNMethodCodeHeapSize                   = 5832704                                {pd product} {ergonomic}
    uintx NonProfiledCodeHeapSize                  = 122945536                              {pd product} {ergonomic}
    uintx ProfiledCodeHeapSize                     = 122880000                              {pd product} {ergonomic}
    uintx ReservedCodeCacheSize                    = 251658240                              {pd product} {ergonomic}
     bool SegmentedCodeCache                       = true                                      {product} {ergonomic}
   size_t SoftMaxHeapSize                          = 2109734912                             {manageable} {ergonomic}
     bool UseCompressedOops                        = true                           {product lp64_product} {ergonomic}
     bool UseG1GC                                  = true                                      {product} {ergonomic}
     bool UseLargePagesIndividualAllocation        = false                                  {pd product} {ergonomic}

Logging:
Log output configuration:
 #0: stdout all=warning uptime,level,tags foldmultilines=false
 #1: stderr all=off uptime,level,tags foldmultilines=false

Release file:
JAVA_VERSION="25.0.2" 
MODULES="java.base java.datatransfer java.xml java.prefs java.desktop gluegen.rt java.compiler java.instrument java.logging java.management java.security.sasl java.naming java.rmi java.management.rmi java.net.http java.scripting java.security.jgss java.transaction.xa java.sql java.sql.rowset java.xml.crypto java.se java.smartcardio jogl.all jcef jdk.accessibility jdk.internal.jvmstat jdk.attach jdk.charsets jdk.internal.opt jdk.zipfs jdk.compiler jdk.crypto.cryptoki jdk.crypto.ec jdk.crypto.mscapi jdk.dynalink jdk.hotspot.agent jdk.httpserver jdk.internal.ed jdk.internal.le jdk.internal.md jdk.internal.vm.ci jdk.javadoc jdk.jcmd jdk.jdwp.agent jdk.jdi jdk.jfr jdk.localedata jdk.management jdk.management.agent jdk.management.jfr jdk.naming.dns jdk.naming.rmi jdk.net jdk.sctp jdk.security.auth jdk.security.jgss jdk.unsupported jdk.unsupported.desktop jdk.xml.dom" 
IMPLEMENTOR="JetBrains s.r.o." 
IMPLEMENTOR_VERSION="JBR-25.0.2+1-329.117-jcef" 
JAVA_RUNTIME_VERSION="25.0.2+1-b329.117" 
LIBC="default" 
OS_ARCH="x86_64" 
OS_NAME="Windows" 
SOURCE=".:git:b692a8ec6ff7+ jcef_git:git:4a605f44671a" 
JCEF_VERSION="137.0.17.1142+g68de80b" 
JCEF_COMMIT_HASH="68de80bc86de497c8d0632ad0f8fe33625b33bff" 
JCEF_VERSION_DETAILED=137.0.17-gf354b0e-chromium-137.0.7151.104-api-1.21-261-b81

Environment Variables:
JAVA_HOME=C:\Program Files\Java\jdk-24
PATH=C:\Program Files\Git\mingw64\libexec\git-core;C:\Program Files\Git\mingw64\libexec\git-core;C:\Program Files\Git\mingw64\bin;C:\Program Files\Git\usr\bin;C:\Users\Administrator\bin;C:\Program Files\Common Files\Oracle\Java\javapath;C:\Program Files (x86)\Common Files\Oracle\Java\javapath;C:\WINDOWS\system32;C:\WINDOWS;C:\WINDOWS\System32\Wbem;C:\WINDOWS\System32\WindowsPowerShell\v1.0;C:\WINDOWS\System32\OpenSSH;C:\Program Files (x86)\Microsoft SQL Server\100\Tools\Binn;C:\Program Files\Microsoft SQL Server\100\Tools\Binn;C:\Program Files\Microsoft SQL Server\100\DTS\Binn;C:\Program Files (x86)\Microsoft SQL Server\100\Tools\Binn\VSShell\Common7\IDE;C:\Program Files (x86)\Microsoft SQL Server\100\DTS\Binn;C:\Program Files\Microsoft SQL Server\Client SDK\ODBC\170\Tools\Binn;C:\Program Files (x86)\Microsoft SQL Server\150\Tools\Binn;C:\Program Files\Microsoft SQL Server\150\Tools\Binn;C:\Program Files\Microsoft SQL Server\150\DTS\Binn;C:\Program Files (x86)\Microsoft SQL Server\160\DTS\Binn;C:\Program Files\nodejs;C:\Program Files\Git\cmd;C:\Program Files\Google\Chrome\Application;C:\Program Files\apache-maven-3.9.15\BIN;C:\Program Files\Java\jdk-24\BIN;C:\Program Files\Cloudflare\Cloudflare WARP;C:\Program Files\Docker\Docker\resources\bin;C:\Users\Administrator\AppData\Local\Microsoft\WindowsApps;C:\Users\Administrator\AppData\Local\Programs\Microsoft VS Code\bin;C:\Program Files\Azure Data Studio\bin;C:\Users\Administrator\AppData\Roaming\npm;D:\AI Cursor\cursor\resources\app\bin
USERNAME=Administrator
DISPLAY=:0.0
LC_ALL=en_US.UTF-8
TERM=xterm-256color
TMPDIR=C:\Users\ADMINI~1\AppData\Local\Temp
OS=Windows_NT
PROCESSOR_IDENTIFIER=Intel64 Family 6 Model 158 Stepping 13, GenuineIntel
TMP=C:\Users\ADMINI~1\AppData\Local\Temp
TEMP=C:\Users\ADMINI~1\AppData\Local\Temp




Compilation memory statistics disabled.

Periodic native trim disabled

JNI global refs:
JNI global refs: 19, weak refs: 0

JNI global refs memory usage: 835, weak refs: 201

Process memory usage:
Resident Set Size: 85136K (1% of 8236916K total physical memory with 471276K free physical memory)

OOME stack traces (most recent first):
Classloader memory used:
Loader bootstrap                                                                       : 1385 K
Loader jdk.internal.loader.ClassLoaders$PlatformClassLoader                            : 1295 K
Loader jdk.internal.loader.ClassLoaders$AppClassLoader                                 : 27328 B

---------------  S Y S T E M  ---------------

OS:
 Windows 11 , 64 bit Build 26100 (10.0.26100.8521)
OS uptime: 9 days 4:03 hours
Hyper-V role detected

CPU: total 12 (initial active 12) (6 cores per cpu, 2 threads per core) family 6 model 158 stepping 13 microcode 0xde, cx8, cmov, fxsr, ht, mmx, 3dnowpref, sse, sse2, sse3, ssse3, sse4.1, sse4.2, popcnt, lzcnt, tsc, tscinvbit, avx, avx2, aes, erms, clmul, bmi1, bmi2, adx, fma, vzeroupper, clflush, clflushopt, hv, rdtscp, f16c
Processor Information for the first 12 processors :
  Max Mhz: 2592, Current Mhz: 2592, Mhz Limit: 2592

Memory: 4k page, system-wide physical 8043M (460M free)
TotalPageFile size 32619M (AvailPageFile size 7M)
current process WorkingSet (physical memory assigned to process): 83M, peak: 83M
current process commit charge ("private bytes"): 242M, peak: 243M

vm_info: OpenJDK 64-Bit Server VM (25.0.2+1-b329.117) for windows-amd64 JRE (25.0.2+1-b329.117), built on 2026-04-20 with MS VC++ 17.14 (VS2022)

END.
