#
# There is insufficient memory for the Java Runtime Environment to continue.
# Native memory allocation (mmap) failed to map 132120576 bytes. Error detail: G1 virtual space
# Possible reasons:
#   The system is out of physical RAM or swap space
#   This process is running with CompressedOops enabled, and the Java Heap may be blocking the growth of the native heap
# Possible solutions:
#   Reduce memory load on the system
#   Increase physical memory or swap space
#   Check if swap backing store is full
#   Decrease Java heap size (-Xmx/-Xms)
#   Decrease number of Java threads
#   Decrease Java thread stack sizes (-Xss)
#   Set larger code cache with -XX:ReservedCodeCacheSize=
#   JVM is running with Unscaled Compressed Oops mode in which the Java heap is
#     placed in the first 4GB address space. The Java Heap base address is the
#     maximum limit for the native heap growth. Please use -XX:HeapBaseMinAddress
#     to set the Java Heap base and to place the Java Heap above 4GB virtual address.
# This output file may be truncated or incomplete.
#
#  Out of Memory Error (os_windows.cpp:3766), pid=30712, tid=26784
#
# JRE version:  (25.0.2+1) (build )
# Java VM: OpenJDK 64-Bit Server VM (25.0.2+1-b329.117, mixed mode, sharing, tiered, compressed oops, compressed class ptrs, g1 gc, windows-amd64)
# No core dump will be written. Minidumps are not enabled by default on client versions of Windows
#

---------------  S U M M A R Y ------------

Command Line: git4idea.http.GitAskPassApp Username for 'https://github.com': 

Host: Intel(R) Core(TM) i7-9750H CPU @ 2.60GHz, 12 cores, 7G,  Windows 11 , 64 bit Build 26100 (10.0.26100.8521)
Time: Thu Jun 11 20:20:56 2026 SE Asia Standard Time elapsed time: 1.135304 seconds (0d 0h 0m 1s)

---------------  T H R E A D  ---------------

Current thread (0x000001b719fc21c0):  JavaThread "Unknown thread" [_thread_in_vm, id=26784, stack(0x0000003bce600000,0x0000003bce700000) (1024K)]

Stack: [0x0000003bce600000,0x0000003bce700000]
Native frames: (J=compiled Java code, j=interpreted, Vv=VM code, C=native code)
V  [jvm.dll+0x7c0cc9]  (no source info available)
V  [jvm.dll+0x78a49d]  (no source info available)
V  [jvm.dll+0xa0e693]  (no source info available)
V  [jvm.dll+0xa10e8c]  (no source info available)
V  [jvm.dll+0xa11583]  (no source info available)
V  [jvm.dll+0x307b46]  (no source info available)
V  [jvm.dll+0x7bced5]  (no source info available)
V  [jvm.dll+0x7afe97]  (no source info available)
V  [jvm.dll+0x40159e]  (no source info available)
V  [jvm.dll+0x4093bb]  (no source info available)
V  [jvm.dll+0x3f5bf9]  (no source info available)
V  [jvm.dll+0x3f5eab]  (no source info available)
V  [jvm.dll+0x3cc053]  (no source info available)
V  [jvm.dll+0x3cccbe]  (no source info available)
V  [jvm.dll+0x9d4a07]  (no source info available)
V  [jvm.dll+0x466ce2]  (no source info available)
V  [jvm.dll+0x9b8139]  (no source info available)
V  [jvm.dll+0x508a01]  (no source info available)
V  [jvm.dll+0x50a371]  (no source info available)
C  [jli.dll+0x541a]  (no source info available)
C  [ucrtbase.dll+0x2cd30]  (no source info available)
C  [KERNEL32.DLL+0x2e957]  (no source info available)
C  [ntdll.dll+0x87c1c]  (no source info available)

Lock stack of current Java thread (top to bottom):


---------------  P R O C E S S  ---------------

Threads class SMR info:
_java_thread_list=0x00007ff9464d9108, length=0, elements={
}

Java Threads: ( => current thread )
Total: 0

Other Threads:
  0x000001b71c4e76a0 WorkerThread "GC Thread#0"                     [id=30988, stack(0x0000003bce700000,0x0000003bce800000) (1024K)]
  0x000001b71c5000b0 ConcurrentGCThread "G1 Main Marker"            [id=19736, stack(0x0000003bce800000,0x0000003bce900000) (1024K)]
  0x000001b71c502a30 WorkerThread "G1 Conc#0"                       [id=8280, stack(0x0000003bce900000,0x0000003bcea00000) (1024K)]

[error occurred during error reporting (printing all threads), id 0xc0000005, EXCEPTION_ACCESS_VIOLATION (0xc0000005) at pc=0x00007ff945af0caa]
VM state: not at safepoint (not fully initialized)

VM Mutex/Monitor currently owned by a thread:  ([mutex/lock_event])
[0x00007ff946561d10] Heap_lock - owner thread: 0x000001b719fc21c0

Heap address: 0x0000000082400000, size: 2012 MB, Compressed Oops mode: 32-bit

CDS archive(s) mapped at: [0x0000000000000000-0x0000000000000000-0x0000000000000000), size 0, SharedBaseAddress: 0x0000000800000000, ArchiveRelocationMode: 1.
UseCompressedClassPointers 1, UseCompactObjectHeaders 0
Narrow klass pointer bits 32, Max shift 3
Narrow klass base: 0xffffffffffffffff, Narrow klass shift: -1
Encoding Range: [0xffffffffffffffff - 0x000000007fffffff), (2147483648 bytes)
Klass Range:    [0x0000000000000000 - 0x0000000000000000), (0 bytes)
Klass ID Range:  [4294967295 - 0) (1)
No protection zone.

GC Precious Log:
 CardTable entry size: 512
 Card Set container configuration: InlinePtr #cards 5 size 8 Array Of Cards #cards 10 size 36 Howl #buckets 4 coarsen threshold 1843 Howl Bitmap #cards 512 size 80 coarsen threshold 460 Card regions per heap region 1 cards per card region 2048

Heap:
 garbage-first heap   total reserved 2060288K, committed 0K, used 0K [0x0000000082400000, 0x0000000100000000)
  region size 1024K, 0 young (0K), 0 survivors (0K)

Heap Regions: E=young(eden), S=young(survivor), O=old, HS=humongous(starts), HC=humongous(continues), CS=collection set, F=free, TAMS=top-at-mark-start, PB=parsable bottom

Card table byte_map: [0x000001b7301d0000,0x000001b7305c0000] _byte_map_base: 0x000001b72fdbe000

Marking Bits: (CMBitMap*) 0x000001b71c4e7e30
 Bits: [0x000001b7305c0000, 0x000001b732530000)

GC Heap Usage History (0 events):
No events

Metaspace Usage History (0 events):
No events

Dll operation events (1 events):
Event: 0.014 Loaded shared library D:\IntelliJ IDEA 2026.1.1\jbr\bin\java.dll

Deoptimization events (0 events):
No events

Classes loaded (0 events):
No events

Classes unloaded (0 events):
No events

Classes redefined (0 events):
No events

Internal exceptions (0 events):
No events

VM Operations (0 events):
No events

Memory protections (0 events):
No events

Nmethod flushes (0 events):
No events

Events (0 events):
No events


Dynamic libraries:
0x00007ff7165b0000 - 0x00007ff7165ba000 	D:\IntelliJ IDEA 2026.1.1\jbr\bin\java.exe
0x00007ffa0d4a0000 - 0x00007ffa0d706000 	C:\WINDOWS\SYSTEM32\ntdll.dll
0x00007ffa0c7c0000 - 0x00007ffa0c889000 	C:\WINDOWS\System32\KERNEL32.DLL
0x00007ffa0ab70000 - 0x00007ffa0af6a000 	C:\WINDOWS\System32\KERNELBASE.dll
0x00007ffa0aa20000 - 0x00007ffa0ab6c000 	C:\WINDOWS\System32\ucrtbase.dll
0x00007ffa041b0000 - 0x00007ffa041ce000 	D:\IntelliJ IDEA 2026.1.1\jbr\bin\VCRUNTIME140.dll
0x00007ff9d4920000 - 0x00007ff9d4937000 	D:\IntelliJ IDEA 2026.1.1\jbr\bin\jli.dll
0x00007ffa0cd30000 - 0x00007ffa0cef7000 	C:\WINDOWS\System32\USER32.dll
0x00007ffa0af70000 - 0x00007ffa0af97000 	C:\WINDOWS\System32\win32u.dll
0x00007ff9ed9a0000 - 0x00007ff9edc32000 	C:\WINDOWS\WinSxS\amd64_microsoft.windows.common-controls_6595b64144ccf1df_6.0.26100.8521_none_3e08b75ce33403b3\COMCTL32.dll
0x00007ffa0b710000 - 0x00007ffa0b73b000 	C:\WINDOWS\System32\GDI32.dll
0x00007ffa0b7e0000 - 0x00007ffa0b889000 	C:\WINDOWS\System32\msvcrt.dll
0x00007ffa0b0e0000 - 0x00007ffa0b20b000 	C:\WINDOWS\System32\gdi32full.dll
0x00007ffa0b030000 - 0x00007ffa0b0d3000 	C:\WINDOWS\System32\msvcp_win.dll
0x00007ffa0b750000 - 0x00007ffa0b782000 	C:\WINDOWS\System32\IMM32.DLL
0x00007ffa04760000 - 0x00007ffa0476c000 	D:\IntelliJ IDEA 2026.1.1\jbr\bin\vcruntime140_1.dll
0x00007ff9af030000 - 0x00007ff9af0b9000 	D:\IntelliJ IDEA 2026.1.1\jbr\bin\msvcp140.dll
0x00007ff945710000 - 0x00007ff946662000 	D:\IntelliJ IDEA 2026.1.1\jbr\bin\server\jvm.dll
0x00007ffa0d280000 - 0x00007ffa0d336000 	C:\WINDOWS\System32\ADVAPI32.dll
0x00007ffa0d1d0000 - 0x00007ffa0d27a000 	C:\WINDOWS\System32\sechost.dll
0x00007ffa0d340000 - 0x00007ffa0d458000 	C:\WINDOWS\System32\RPCRT4.dll
0x00007ffa0c730000 - 0x00007ffa0c7b0000 	C:\WINDOWS\System32\WS2_32.dll
0x00007ff9fd750000 - 0x00007ff9fd75b000 	C:\WINDOWS\SYSTEM32\VERSION.dll
0x00007ff9fb420000 - 0x00007ff9fb456000 	C:\WINDOWS\SYSTEM32\WINMM.dll
0x00007ffa0a590000 - 0x00007ffa0a5ee000 	C:\WINDOWS\SYSTEM32\POWRPROF.dll
0x00007ffa0a570000 - 0x00007ffa0a584000 	C:\WINDOWS\SYSTEM32\UMPDC.dll
0x00007ffa09480000 - 0x00007ffa0949b000 	C:\WINDOWS\SYSTEM32\kernel.appcore.dll
0x00007ffa04670000 - 0x00007ffa0467a000 	D:\IntelliJ IDEA 2026.1.1\jbr\bin\jimage.dll
0x00007ffa07680000 - 0x00007ffa078c2000 	C:\WINDOWS\SYSTEM32\DBGHELP.DLL
0x00007ffa0c920000 - 0x00007ffa0cca3000 	C:\WINDOWS\System32\combase.dll
0x00007ffa0c020000 - 0x00007ffa0c0f9000 	C:\WINDOWS\System32\OLEAUT32.dll
0x00007ffa040e0000 - 0x00007ffa0411b000 	C:\WINDOWS\SYSTEM32\dbgcore.DLL
0x00007ffa0a8b0000 - 0x00007ffa0a958000 	C:\WINDOWS\System32\bcryptPrimitives.dll
0x00007ffa04160000 - 0x00007ffa0417f000 	D:\IntelliJ IDEA 2026.1.1\jbr\bin\java.dll
0x00007ffa0b310000 - 0x00007ffa0b4a8000 	C:\WINDOWS\System32\ole32.dll
0x00007ffa0b890000 - 0x00007ffa0c014000 	C:\WINDOWS\System32\SHELL32.dll

JVMTI agents: none

dbghelp: loaded successfully - version: 4.0.5 - missing functions: none
symbol engine: initialized successfully - sym options: 0x614 - pdb path: .;D:\IntelliJ IDEA 2026.1.1\jbr\bin;C:\WINDOWS\SYSTEM32;C:\WINDOWS\WinSxS\amd64_microsoft.windows.common-controls_6595b64144ccf1df_6.0.26100.8521_none_3e08b75ce33403b3;D:\IntelliJ IDEA 2026.1.1\jbr\bin\server

VM Arguments:
java_command: git4idea.http.GitAskPassApp Username for 'https://github.com': 
java_class_path (initial): D:/IntelliJ IDEA 2026.1.1/plugins/vcs-git/lib/git4idea-rt.jar;D:/IntelliJ IDEA 2026.1.1/lib/externalProcess-rt.jar
Launcher Type: SUN_STANDARD

[Global flags]
     intx CICompilerCount                          = 4                                         {product} {ergonomic}
     uint ConcGCThreads                            = 3                                         {product} {ergonomic}
     uint G1ConcRefinementThreads                  = 10                                        {product} {ergonomic}
   size_t G1HeapRegionSize                         = 1048576                                   {product} {ergonomic}
   size_t InitialHeapSize                          = 132120576                                 {product} {ergonomic}
   size_t MarkStackSize                            = 4194304                                   {product} {ergonomic}
   size_t MarkStackSizeMax                         = 536870912                                 {product} {ergonomic}
   size_t MaxHeapSize                              = 2109734912                                {product} {ergonomic}
   size_t MinHeapDeltaBytes                        = 1048576                                   {product} {ergonomic}
   size_t MinHeapSize                              = 8388608                                   {product} {ergonomic}
    uintx NonNMethodCodeHeapSize                   = 5832704                                {pd product} {ergonomic}
    uintx NonProfiledCodeHeapSize                  = 122945536                              {pd product} {ergonomic}
    uintx ProfiledCodeHeapSize                     = 122880000                              {pd product} {ergonomic}
    uintx ReservedCodeCacheSize                    = 251658240                              {pd product} {ergonomic}
     bool SegmentedCodeCache                       = true                                      {product} {ergonomic}
   size_t SoftMaxHeapSize                          = 2109734912                             {manageable} {ergonomic}
     bool UseCompressedOops                        = true                           {product lp64_product} {ergonomic}
     bool UseG1GC                                  = true                                      {product} {ergonomic}
     bool UseLargePagesIndividualAllocation        = false                                  {pd product} {ergonomic}

Logging:
Log output configuration:
 #0: stdout all=warning uptime,level,tags foldmultilines=false
 #1: stderr all=off uptime,level,tags foldmultilines=false

Release file:
<release file has not been read>
Environment Variables:
JAVA_HOME=C:\Program Files\Java\jdk-24
PATH=C:\Program Files\Git\mingw64\libexec\git-core;C:\Program Files\Git\mingw64\libexec\git-core;C:\Program Files\Git\mingw64\bin;C:\Program Files\Git\usr\bin;C:\Users\Administrator\bin;C:\Program Files\Common Files\Oracle\Java\javapath;C:\Program Files (x86)\Common Files\Oracle\Java\javapath;C:\WINDOWS\system32;C:\WINDOWS;C:\WINDOWS\System32\Wbem;C:\WINDOWS\System32\WindowsPowerShell\v1.0;C:\WINDOWS\System32\OpenSSH;C:\Program Files (x86)\Microsoft SQL Server\100\Tools\Binn;C:\Program Files\Microsoft SQL Server\100\Tools\Binn;C:\Program Files\Microsoft SQL Server\100\DTS\Binn;C:\Program Files (x86)\Microsoft SQL Server\100\Tools\Binn\VSShell\Common7\IDE;C:\Program Files (x86)\Microsoft SQL Server\100\DTS\Binn;C:\Program Files\Microsoft SQL Server\Client SDK\ODBC\170\Tools\Binn;C:\Program Files (x86)\Microsoft SQL Server\150\Tools\Binn;C:\Program Files\Microsoft SQL Server\150\Tools\Binn;C:\Program Files\Microsoft SQL Server\150\DTS\Binn;C:\Program Files (x86)\Microsoft SQL Server\160\DTS\Binn;C:\Program Files\nodejs;C:\Program Files\Git\cmd;C:\Program Files\Google\Chrome\Application;C:\Program Files\apache-maven-3.9.15\BIN;C:\Program Files\Java\jdk-24\BIN;C:\Program Files\Cloudflare\Cloudflare WARP;C:\Program Files\Docker\Docker\resources\bin;C:\Users\Administrator\AppData\Local\Microsoft\WindowsApps;C:\Users\Administrator\AppData\Local\Programs\Microsoft VS Code\bin;C:\Program Files\Azure Data Studio\bin;C:\Users\Administrator\AppData\Roaming\npm;D:\AI Cursor\cursor\resources\app\bin
USERNAME=Administrator
DISPLAY=:0.0
LC_ALL=en_US.UTF-8
TERM=xterm-256color
TMPDIR=C:\Users\ADMINI~1\AppData\Local\Temp
OS=Windows_NT
PROCESSOR_IDENTIFIER=Intel64 Family 6 Model 158 Stepping 13, GenuineIntel
TMP=C:\Users\ADMINI~1\AppData\Local\Temp
TEMP=C:\Users\ADMINI~1\AppData\Local\Temp




Compilation memory statistics disabled.

Periodic native trim disabled

JNI global refs:
JNI global refs: 0, weak refs: 0

JNI global refs memory usage: 0, weak refs: 0

Process memory usage:
Resident Set Size: 14376K (0% of 8236916K total physical memory with 467256K free physical memory)

OOME stack traces (most recent first):
Classloader memory used:

---------------  S Y S T E M  ---------------

OS:
 Windows 11 , 64 bit Build 26100 (10.0.26100.8521)
OS uptime: 9 days 3:51 hours
Hyper-V role detected

CPU: total 12 (initial active 12) (6 cores per cpu, 2 threads per core) family 6 model 158 stepping 13 microcode 0xde, cx8, cmov, fxsr, ht, mmx, 3dnowpref, sse, sse2, sse3, ssse3, sse4.1, sse4.2, popcnt, lzcnt, tsc, tscinvbit, avx, avx2, aes, erms, clmul, bmi1, bmi2, adx, fma, vzeroupper, clflush, clflushopt, hv, rdtscp, f16c
Processor Information for the first 12 processors :
  Max Mhz: 2592, Current Mhz: 2592, Mhz Limit: 2592

Memory: 4k page, system-wide physical 8043M (456M free)
TotalPageFile size 32619M (AvailPageFile size 130M)
current process WorkingSet (physical memory assigned to process): 14M, peak: 14M
current process commit charge ("private bytes"): 65M, peak: 190M

vm_info: OpenJDK 64-Bit Server VM (25.0.2+1-b329.117) for windows-amd64 JRE (25.0.2+1-b329.117), built on 2026-04-20 with MS VC++ 17.14 (VS2022)

END.
